[ 2018-02-17T13:58:58+08:00 ] 127.0.0.1 127.0.0.1 GET /
[ log ] www.tp5_baidunm.com:82/ [运行时间：0.312017s][吞吐率：3.20req/s] [内存消耗：2,975.18kb] [文件加载：58]
[ info ] [ LANG ] E:\PHP\wamp\www\tp5_baiduNM\thinkphp\lang\zh-cn.php
[ info ] [ ROUTE ] array (
  'type' => 'module',
  'module' => 
  array (
    0 => '',
    1 => NULL,
    2 => NULL,
  ),
)
[ info ] [ HEADER ] array (
  'host' => 'www.tp5_baidunm.com:82',
  'user-agent' => 'Mozilla/5.0 (Windows NT 6.1; WOW64; rv:57.0) Gecko/20100101 Firefox/57.0',
  'accept' => 'text/html,application/xhtml+xml,application/xml;q=0.9,*/*;q=0.8',
  'accept-language' => 'zh-CN,zh;q=0.8,zh-TW;q=0.7,zh-HK;q=0.5,en-US;q=0.3,en;q=0.2',
  'accept-encoding' => 'gzip, deflate',
  'cookie' => 'PHPSESSID=q0jfm0ollo3252pn4icsuvkit6; thinkphp_show_page_trace=0|0',
  'connection' => 'keep-alive',
  'upgrade-insecure-requests' => '1',
  'cache-control' => 'max-age=0',
)
[ info ] [ PARAM ] array (
)
[ info ] [ DB ] INIT mysql
[ info ] [ SESSION ] INIT array (
  'id' => '',
  'var_session_id' => '',
  'prefix' => 'think',
  'type' => '',
  'auto_start' => true,
)
[ info ] [ RUN ] app\index\controller\Index->index[ E:\PHP\wamp\www\tp5_baiduNM\application\index\controller\Index.php ]
[ info ] [ VIEW ] E:\PHP\wamp\www\tp5_baiduNM\public/../application/index\view\index\index.html [ array (
  0 => 'citys',
  1 => 'city',
  2 => 'cats',
  3 => 'user',
  4 => 'datas',
  5 => 'meishicates',
) ]
[ info ] [ LOG ] INIT File
[ sql ] [ DB ] CONNECT:[ UseTime:0.000000s ] mysql:dbname=imooc_o2o;host=127.0.0.1;charset=utf8
[ sql ] [ SQL ] SHOW COLUMNS FROM `o2o_city` [ RunTime:0.018001s ]
[ sql ] [ SQL ] SELECT * FROM `o2o_city` WHERE  `status` = 1  AND `parent_id` > 0 ORDER BY `id`  desc [ RunTime:0.001000s ]
[ sql ] [ SQL ] SHOW COLUMNS FROM `o2o_category` [ RunTime:0.014001s ]
[ sql ] [ SQL ] SELECT * FROM `o2o_category` WHERE  `parent_id` = 0  AND `status` = 1 ORDER BY `listorder`  desc,`id`  desc LIMIT 5 [ RunTime:0.001000s ]
[ sql ] [ SQL ] SELECT * FROM `o2o_category` WHERE  `parent_id` IN (5,2,1)  AND `status` = 1 ORDER BY `listorder`  desc,`id`  desc [ RunTime:0.001000s ]
[ sql ] [ SQL ] SELECT * FROM `o2o_city` WHERE  `uname` = 'nanchang' LIMIT 1 [ RunTime:0.000000s ]
[ sql ] [ SQL ] SHOW COLUMNS FROM `o2o_deal` [ RunTime:0.016000s ]
[ sql ] [ SQL ] SELECT * FROM `o2o_deal` WHERE  `end_time` > 1518847138  AND `category_id` = 1  AND `city_id` = 4  AND `status` = 1 ORDER BY `listorder`  desc,`id`  desc LIMIT 10 [ RunTime:0.001000s ]
[ sql ] [ SQL ] SELECT * FROM `o2o_category` WHERE  `parent_id` = 1  AND `status` = 1 ORDER BY `listorder`  desc,`id`  desc LIMIT 4 [ RunTime:0.001000s ]
[ error ] [8]未定义变量: title[E:\PHP\wamp\www\tp5_baiduNM\runtime\temp\b3127811bd94f7b499bc301e19c4a5cb.php:9]

---------------------------------------------------------------
[ 2018-02-17T13:59:52+08:00 ] 127.0.0.1 127.0.0.1 GET /
[ log ] www.tp5_baidunm.com:82/ [运行时间：0.176010s][吞吐率：5.68req/s] [内存消耗：2,975.25kb] [文件加载：58]
[ info ] [ LANG ] E:\PHP\wamp\www\tp5_baiduNM\thinkphp\lang\zh-cn.php
[ info ] [ ROUTE ] array (
  'type' => 'module',
  'module' => 
  array (
    0 => '',
    1 => NULL,
    2 => NULL,
  ),
)
[ info ] [ HEADER ] array (
  'host' => 'www.tp5_baidunm.com:82',
  'user-agent' => 'Mozilla/5.0 (Windows NT 6.1; WOW64; rv:57.0) Gecko/20100101 Firefox/57.0',
  'accept' => 'text/html,application/xhtml+xml,application/xml;q=0.9,*/*;q=0.8',
  'accept-language' => 'zh-CN,zh;q=0.8,zh-TW;q=0.7,zh-HK;q=0.5,en-US;q=0.3,en;q=0.2',
  'accept-encoding' => 'gzip, deflate',
  'cookie' => 'PHPSESSID=q0jfm0ollo3252pn4icsuvkit6; thinkphp_show_page_trace=0|0',
  'connection' => 'keep-alive',
  'upgrade-insecure-requests' => '1',
  'cache-control' => 'max-age=0',
)
[ info ] [ PARAM ] array (
)
[ info ] [ DB ] INIT mysql
[ info ] [ SESSION ] INIT array (
  'id' => '',
  'var_session_id' => '',
  'prefix' => 'think',
  'type' => '',
  'auto_start' => true,
)
[ info ] [ RUN ] app\index\controller\Index->index[ E:\PHP\wamp\www\tp5_baiduNM\application\index\controller\Index.php ]
[ info ] [ VIEW ] E:\PHP\wamp\www\tp5_baiduNM\public/../application/index\view\index\index.html [ array (
  0 => 'citys',
  1 => 'city',
  2 => 'cats',
  3 => 'user',
  4 => 'datas',
  5 => 'meishicates',
) ]
[ info ] [ LOG ] INIT File
[ sql ] [ DB ] CONNECT:[ UseTime:0.011001s ] mysql:dbname=imooc_o2o;host=127.0.0.1;charset=utf8
[ sql ] [ SQL ] SHOW COLUMNS FROM `o2o_city` [ RunTime:0.016001s ]
[ sql ] [ SQL ] SELECT * FROM `o2o_city` WHERE  `status` = 1  AND `parent_id` > 0 ORDER BY `id`  desc [ RunTime:0.000000s ]
[ sql ] [ SQL ] SHOW COLUMNS FROM `o2o_category` [ RunTime:0.016001s ]
[ sql ] [ SQL ] SELECT * FROM `o2o_category` WHERE  `parent_id` = 0  AND `status` = 1 ORDER BY `listorder`  desc,`id`  desc LIMIT 5 [ RunTime:0.001000s ]
[ sql ] [ SQL ] SELECT * FROM `o2o_category` WHERE  `parent_id` IN (5,2,1)  AND `status` = 1 ORDER BY `listorder`  desc,`id`  desc [ RunTime:0.001000s ]
[ sql ] [ SQL ] SELECT * FROM `o2o_city` WHERE  `uname` = 'nanchang' LIMIT 1 [ RunTime:0.000000s ]
[ sql ] [ SQL ] SHOW COLUMNS FROM `o2o_deal` [ RunTime:0.015000s ]
[ sql ] [ SQL ] SELECT * FROM `o2o_deal` WHERE  `end_time` > 1518847192  AND `category_id` = 1  AND `city_id` = 4  AND `status` = 1 ORDER BY `listorder`  desc,`id`  desc LIMIT 10 [ RunTime:0.000000s ]
[ sql ] [ SQL ] SELECT * FROM `o2o_category` WHERE  `parent_id` = 1  AND `status` = 1 ORDER BY `listorder`  desc,`id`  desc LIMIT 4 [ RunTime:0.000000s ]
[ error ] [8]未定义变量: controler[E:\PHP\wamp\www\tp5_baiduNM\runtime\temp\b3127811bd94f7b499bc301e19c4a5cb.php:13]

---------------------------------------------------------------
[ 2018-02-17T13:59:53+08:00 ] 127.0.0.1 127.0.0.1 GET /
[ log ] www.tp5_baidunm.com:82/ [运行时间：0.149008s][吞吐率：6.71req/s] [内存消耗：2,800.86kb] [文件加载：56]
[ info ] [ LANG ] E:\PHP\wamp\www\tp5_baiduNM\thinkphp\lang\zh-cn.php
[ info ] [ ROUTE ] array (
  'type' => 'module',
  'module' => 
  array (
    0 => '',
    1 => NULL,
    2 => NULL,
  ),
)
[ info ] [ HEADER ] array (
  'host' => 'www.tp5_baidunm.com:82',
  'user-agent' => 'Mozilla/5.0 (Windows NT 6.1; WOW64; rv:57.0) Gecko/20100101 Firefox/57.0',
  'accept' => 'text/html,application/xhtml+xml,application/xml;q=0.9,*/*;q=0.8',
  'accept-language' => 'zh-CN,zh;q=0.8,zh-TW;q=0.7,zh-HK;q=0.5,en-US;q=0.3,en;q=0.2',
  'accept-encoding' => 'gzip, deflate',
  'cookie' => 'PHPSESSID=q0jfm0ollo3252pn4icsuvkit6; thinkphp_show_page_trace=0|0',
  'connection' => 'keep-alive',
  'upgrade-insecure-requests' => '1',
  'cache-control' => 'max-age=0',
)
[ info ] [ PARAM ] array (
)
[ info ] [ DB ] INIT mysql
[ info ] [ SESSION ] INIT array (
  'id' => '',
  'var_session_id' => '',
  'prefix' => 'think',
  'type' => '',
  'auto_start' => true,
)
[ info ] [ RUN ] app\index\controller\Index->index[ E:\PHP\wamp\www\tp5_baiduNM\application\index\controller\Index.php ]
[ info ] [ VIEW ] E:\PHP\wamp\www\tp5_baiduNM\public/../application/index\view\index\index.html [ array (
  0 => 'citys',
  1 => 'city',
  2 => 'cats',
  3 => 'user',
  4 => 'datas',
  5 => 'meishicates',
) ]
[ info ] [ LOG ] INIT File
[ sql ] [ DB ] CONNECT:[ UseTime:0.001000s ] mysql:dbname=imooc_o2o;host=127.0.0.1;charset=utf8
[ sql ] [ SQL ] SHOW COLUMNS FROM `o2o_city` [ RunTime:0.009001s ]
[ sql ] [ SQL ] SELECT * FROM `o2o_city` WHERE  `status` = 1  AND `parent_id` > 0 ORDER BY `id`  desc [ RunTime:0.001000s ]
[ sql ] [ SQL ] SHOW COLUMNS FROM `o2o_category` [ RunTime:0.016001s ]
[ sql ] [ SQL ] SELECT * FROM `o2o_category` WHERE  `parent_id` = 0  AND `status` = 1 ORDER BY `listorder`  desc,`id`  desc LIMIT 5 [ RunTime:0.000000s ]
[ sql ] [ SQL ] SELECT * FROM `o2o_category` WHERE  `parent_id` IN (5,2,1)  AND `status` = 1 ORDER BY `listorder`  desc,`id`  desc [ RunTime:0.001000s ]
[ sql ] [ SQL ] SELECT * FROM `o2o_city` WHERE  `uname` = 'nanchang' LIMIT 1 [ RunTime:0.001001s ]
[ sql ] [ SQL ] SHOW COLUMNS FROM `o2o_deal` [ RunTime:0.016001s ]
[ sql ] [ SQL ] SELECT * FROM `o2o_deal` WHERE  `end_time` > 1518847193  AND `category_id` = 1  AND `city_id` = 4  AND `status` = 1 ORDER BY `listorder`  desc,`id`  desc LIMIT 10 [ RunTime:0.001000s ]
[ sql ] [ SQL ] SELECT * FROM `o2o_category` WHERE  `parent_id` = 1  AND `status` = 1 ORDER BY `listorder`  desc,`id`  desc LIMIT 4 [ RunTime:0.000000s ]
[ error ] [8]未定义变量: controler[E:\PHP\wamp\www\tp5_baiduNM\runtime\temp\b3127811bd94f7b499bc301e19c4a5cb.php:13]

---------------------------------------------------------------
[ 2018-02-17T14:00:14+08:00 ] 127.0.0.1 127.0.0.1 GET /
[ log ] www.tp5_baidunm.com:82/ [运行时间：0.147008s][吞吐率：6.80req/s] [内存消耗：2,991.48kb] [文件加载：55]
[ info ] [ LANG ] E:\PHP\wamp\www\tp5_baiduNM\thinkphp\lang\zh-cn.php
[ info ] [ ROUTE ] array (
  'type' => 'module',
  'module' => 
  array (
    0 => '',
    1 => NULL,
    2 => NULL,
  ),
)
[ info ] [ HEADER ] array (
  'host' => 'www.tp5_baidunm.com:82',
  'user-agent' => 'Mozilla/5.0 (Windows NT 6.1; WOW64; rv:57.0) Gecko/20100101 Firefox/57.0',
  'accept' => 'text/html,application/xhtml+xml,application/xml;q=0.9,*/*;q=0.8',
  'accept-language' => 'zh-CN,zh;q=0.8,zh-TW;q=0.7,zh-HK;q=0.5,en-US;q=0.3,en;q=0.2',
  'accept-encoding' => 'gzip, deflate',
  'cookie' => 'PHPSESSID=q0jfm0ollo3252pn4icsuvkit6; thinkphp_show_page_trace=0|0',
  'connection' => 'keep-alive',
  'upgrade-insecure-requests' => '1',
  'cache-control' => 'max-age=0',
)
[ info ] [ PARAM ] array (
)
[ info ] [ DB ] INIT mysql
[ info ] [ SESSION ] INIT array (
  'id' => '',
  'var_session_id' => '',
  'prefix' => 'think',
  'type' => '',
  'auto_start' => true,
)
[ info ] [ RUN ] app\index\controller\Index->index[ E:\PHP\wamp\www\tp5_baiduNM\application\index\controller\Index.php ]
[ info ] [ VIEW ] E:\PHP\wamp\www\tp5_baiduNM\public/../application/index\view\index\index.html [ array (
  0 => 'citys',
  1 => 'city',
  2 => 'cats',
  3 => 'user',
  4 => 'datas',
  5 => 'meishicates',
) ]
[ info ] [ LOG ] INIT File
[ sql ] [ DB ] CONNECT:[ UseTime:0.001000s ] mysql:dbname=imooc_o2o;host=127.0.0.1;charset=utf8
[ sql ] [ SQL ] SHOW COLUMNS FROM `o2o_city` [ RunTime:0.018001s ]
[ sql ] [ SQL ] SELECT * FROM `o2o_city` WHERE  `status` = 1  AND `parent_id` > 0 ORDER BY `id`  desc [ RunTime:0.001000s ]
[ sql ] [ SQL ] SHOW COLUMNS FROM `o2o_category` [ RunTime:0.015001s ]
[ sql ] [ SQL ] SELECT * FROM `o2o_category` WHERE  `parent_id` = 0  AND `status` = 1 ORDER BY `listorder`  desc,`id`  desc LIMIT 5 [ RunTime:0.001000s ]
[ sql ] [ SQL ] SELECT * FROM `o2o_category` WHERE  `parent_id` IN (5,2,1)  AND `status` = 1 ORDER BY `listorder`  desc,`id`  desc [ RunTime:0.002000s ]
[ sql ] [ SQL ] SELECT * FROM `o2o_city` WHERE  `uname` = 'nanchang' LIMIT 1 [ RunTime:0.000000s ]
[ sql ] [ SQL ] SHOW COLUMNS FROM `o2o_deal` [ RunTime:0.015001s ]
[ sql ] [ SQL ] SELECT * FROM `o2o_deal` WHERE  `end_time` > 1518847214  AND `category_id` = 1  AND `city_id` = 4  AND `status` = 1 ORDER BY `listorder`  desc,`id`  desc LIMIT 10 [ RunTime:0.001000s ]
[ sql ] [ SQL ] SELECT * FROM `o2o_category` WHERE  `parent_id` = 1  AND `status` = 1 ORDER BY `listorder`  desc,`id`  desc LIMIT 4 [ RunTime:0.001001s ]

---------------------------------------------------------------
[ 2018-02-17T14:00:14+08:00 ] 127.0.0.1 127.0.0.1 GET /upload/20170219/ads.jpg
[ log ] www.tp5_baidunm.com:82/upload/20170219/ads.jpg [运行时间：0.051003s][吞吐率：19.61req/s] [内存消耗：1,250.25kb] [文件加载：36]
[ info ] [ LANG ] E:\PHP\wamp\www\tp5_baiduNM\thinkphp\lang\zh-cn.php
[ info ] [ ROUTE ] array (
  'type' => 'module',
  'module' => 
  array (
    0 => 'upload',
    1 => '20170219',
    2 => 'ads.jpg',
  ),
)
[ info ] [ HEADER ] array (
  'host' => 'www.tp5_baidunm.com:82',
  'user-agent' => 'Mozilla/5.0 (Windows NT 6.1; WOW64; rv:57.0) Gecko/20100101 Firefox/57.0',
  'accept' => '*/*',
  'accept-language' => 'zh-CN,zh;q=0.8,zh-TW;q=0.7,zh-HK;q=0.5,en-US;q=0.3,en;q=0.2',
  'accept-encoding' => 'gzip, deflate',
  'referer' => 'http://www.tp5_baidunm.com:82/',
  'cookie' => 'PHPSESSID=q0jfm0ollo3252pn4icsuvkit6; thinkphp_show_page_trace=0|0',
  'connection' => 'keep-alive',
)
[ info ] [ PARAM ] array (
)
[ info ] [ LOG ] INIT File

---------------------------------------------------------------
[ 2018-02-17T14:00:14+08:00 ] 127.0.0.1 127.0.0.1 GET /upload/20170219/datu.jpg
[ log ] www.tp5_baidunm.com:82/upload/20170219/datu.jpg [运行时间：0.061003s][吞吐率：16.39req/s] [内存消耗：1,250.22kb] [文件加载：36]
[ info ] [ LANG ] E:\PHP\wamp\www\tp5_baiduNM\thinkphp\lang\zh-cn.php
[ info ] [ ROUTE ] array (
  'type' => 'module',
  'module' => 
  array (
    0 => 'upload',
    1 => '20170219',
    2 => 'datu.jpg',
  ),
)
[ info ] [ HEADER ] array (
  'host' => 'www.tp5_baidunm.com:82',
  'user-agent' => 'Mozilla/5.0 (Windows NT 6.1; WOW64; rv:57.0) Gecko/20100101 Firefox/57.0',
  'accept' => '*/*',
  'accept-language' => 'zh-CN,zh;q=0.8,zh-TW;q=0.7,zh-HK;q=0.5,en-US;q=0.3,en;q=0.2',
  'accept-encoding' => 'gzip, deflate',
  'referer' => 'http://www.tp5_baidunm.com:82/',
  'cookie' => 'PHPSESSID=q0jfm0ollo3252pn4icsuvkit6; thinkphp_show_page_trace=0|0',
  'connection' => 'keep-alive',
)
[ info ] [ PARAM ] array (
)
[ info ] [ LOG ] INIT File

---------------------------------------------------------------
[ 2018-02-17T14:23:26+08:00 ] 127.0.0.1 127.0.0.1 GET /
[ log ] www.tp5_baidunm.com:82/ [运行时间：0.282016s][吞吐率：3.55req/s] [内存消耗：2,976.52kb] [文件加载：58]
[ info ] [ LANG ] E:\PHP\wamp\www\tp5_baiduNM\thinkphp\lang\zh-cn.php
[ info ] [ ROUTE ] array (
  'type' => 'module',
  'module' => 
  array (
    0 => '',
    1 => NULL,
    2 => NULL,
  ),
)
[ info ] [ HEADER ] array (
  'host' => 'www.tp5_baidunm.com:82',
  'user-agent' => 'Mozilla/5.0 (Windows NT 6.1; WOW64; rv:57.0) Gecko/20100101 Firefox/57.0',
  'accept' => 'text/html,application/xhtml+xml,application/xml;q=0.9,*/*;q=0.8',
  'accept-language' => 'zh-CN,zh;q=0.8,zh-TW;q=0.7,zh-HK;q=0.5,en-US;q=0.3,en;q=0.2',
  'accept-encoding' => 'gzip, deflate',
  'cookie' => 'PHPSESSID=q0jfm0ollo3252pn4icsuvkit6; thinkphp_show_page_trace=0|0',
  'connection' => 'keep-alive',
  'upgrade-insecure-requests' => '1',
  'cache-control' => 'max-age=0',
)
[ info ] [ PARAM ] array (
)
[ info ] [ DB ] INIT mysql
[ info ] [ SESSION ] INIT array (
  'id' => '',
  'var_session_id' => '',
  'prefix' => 'think',
  'type' => '',
  'auto_start' => true,
)
[ info ] [ RUN ] app\index\controller\Index->index[ E:\PHP\wamp\www\tp5_baiduNM\application\index\controller\Index.php ]
[ info ] [ VIEW ] E:\PHP\wamp\www\tp5_baiduNM\public/../application/index\view\index\index.html [ array (
  0 => 'citys',
  1 => 'city',
  2 => 'cats',
  3 => 'user',
  4 => 'controller',
  5 => 'title',
  6 => 'datas',
  7 => 'meishicates',
) ]
[ info ] [ LOG ] INIT File
[ sql ] [ DB ] CONNECT:[ UseTime:0.002000s ] mysql:dbname=imooc_o2o;host=127.0.0.1;charset=utf8
[ sql ] [ SQL ] SHOW COLUMNS FROM `o2o_city` [ RunTime:0.017001s ]
[ sql ] [ SQL ] SELECT * FROM `o2o_city` WHERE  `status` = 1  AND `parent_id` > 0 ORDER BY `id`  desc [ RunTime:0.002001s ]
[ sql ] [ SQL ] SHOW COLUMNS FROM `o2o_category` [ RunTime:0.019001s ]
[ sql ] [ SQL ] SELECT * FROM `o2o_category` WHERE  `parent_id` = 0  AND `status` = 1 ORDER BY `listorder`  desc,`id`  desc LIMIT 5 [ RunTime:0.001000s ]
[ sql ] [ SQL ] SELECT * FROM `o2o_category` WHERE  `parent_id` IN (5,2,1)  AND `status` = 1 ORDER BY `listorder`  desc,`id`  desc [ RunTime:0.001000s ]
[ sql ] [ SQL ] SELECT * FROM `o2o_city` WHERE  `uname` = 'nanchang' LIMIT 1 [ RunTime:0.001000s ]
[ sql ] [ SQL ] SHOW COLUMNS FROM `o2o_deal` [ RunTime:0.025001s ]
[ sql ] [ SQL ] SELECT * FROM `o2o_deal` WHERE  `end_time` > 1518848606  AND `category_id` = 1  AND `city_id` = 4  AND `status` = 1 ORDER BY `listorder`  desc,`id`  desc LIMIT 10 [ RunTime:0.002000s ]
[ sql ] [ SQL ] SELECT * FROM `o2o_category` WHERE  `parent_id` = 1  AND `status` = 1 ORDER BY `listorder`  desc,`id`  desc LIMIT 4 [ RunTime:0.001000s ]
[ error ] [8]未定义变量: controler[E:\PHP\wamp\www\tp5_baiduNM\runtime\temp\b3127811bd94f7b499bc301e19c4a5cb.php:13]

---------------------------------------------------------------
[ 2018-02-17T14:23:50+08:00 ] 127.0.0.1 127.0.0.1 GET /
[ log ] www.tp5_baidunm.com:82/ [运行时间：0.165010s][吞吐率：6.06req/s] [内存消耗：2,992.75kb] [文件加载：55]
[ info ] [ LANG ] E:\PHP\wamp\www\tp5_baiduNM\thinkphp\lang\zh-cn.php
[ info ] [ ROUTE ] array (
  'type' => 'module',
  'module' => 
  array (
    0 => '',
    1 => NULL,
    2 => NULL,
  ),
)
[ info ] [ HEADER ] array (
  'host' => 'www.tp5_baidunm.com:82',
  'user-agent' => 'Mozilla/5.0 (Windows NT 6.1; WOW64; rv:57.0) Gecko/20100101 Firefox/57.0',
  'accept' => 'text/html,application/xhtml+xml,application/xml;q=0.9,*/*;q=0.8',
  'accept-language' => 'zh-CN,zh;q=0.8,zh-TW;q=0.7,zh-HK;q=0.5,en-US;q=0.3,en;q=0.2',
  'accept-encoding' => 'gzip, deflate',
  'cookie' => 'PHPSESSID=q0jfm0ollo3252pn4icsuvkit6; thinkphp_show_page_trace=0|0',
  'connection' => 'keep-alive',
  'upgrade-insecure-requests' => '1',
  'cache-control' => 'max-age=0',
)
[ info ] [ PARAM ] array (
)
[ info ] [ DB ] INIT mysql
[ info ] [ SESSION ] INIT array (
  'id' => '',
  'var_session_id' => '',
  'prefix' => 'think',
  'type' => '',
  'auto_start' => true,
)
[ info ] [ RUN ] app\index\controller\Index->index[ E:\PHP\wamp\www\tp5_baiduNM\application\index\controller\Index.php ]
[ info ] [ VIEW ] E:\PHP\wamp\www\tp5_baiduNM\public/../application/index\view\index\index.html [ array (
  0 => 'citys',
  1 => 'city',
  2 => 'cats',
  3 => 'user',
  4 => 'controller',
  5 => 'title',
  6 => 'datas',
  7 => 'meishicates',
) ]
[ info ] [ LOG ] INIT File
[ sql ] [ DB ] CONNECT:[ UseTime:0.010001s ] mysql:dbname=imooc_o2o;host=127.0.0.1;charset=utf8
[ sql ] [ SQL ] SHOW COLUMNS FROM `o2o_city` [ RunTime:0.018001s ]
[ sql ] [ SQL ] SELECT * FROM `o2o_city` WHERE  `status` = 1  AND `parent_id` > 0 ORDER BY `id`  desc [ RunTime:0.000000s ]
[ sql ] [ SQL ] SHOW COLUMNS FROM `o2o_category` [ RunTime:0.015001s ]
[ sql ] [ SQL ] SELECT * FROM `o2o_category` WHERE  `parent_id` = 0  AND `status` = 1 ORDER BY `listorder`  desc,`id`  desc LIMIT 5 [ RunTime:0.001000s ]
[ sql ] [ SQL ] SELECT * FROM `o2o_category` WHERE  `parent_id` IN (5,2,1)  AND `status` = 1 ORDER BY `listorder`  desc,`id`  desc [ RunTime:0.001000s ]
[ sql ] [ SQL ] SELECT * FROM `o2o_city` WHERE  `uname` = 'nanchang' LIMIT 1 [ RunTime:0.000000s ]
[ sql ] [ SQL ] SHOW COLUMNS FROM `o2o_deal` [ RunTime:0.015001s ]
[ sql ] [ SQL ] SELECT * FROM `o2o_deal` WHERE  `end_time` > 1518848630  AND `category_id` = 1  AND `city_id` = 4  AND `status` = 1 ORDER BY `listorder`  desc,`id`  desc LIMIT 10 [ RunTime:0.001000s ]
[ sql ] [ SQL ] SELECT * FROM `o2o_category` WHERE  `parent_id` = 1  AND `status` = 1 ORDER BY `listorder`  desc,`id`  desc LIMIT 4 [ RunTime:0.000000s ]

---------------------------------------------------------------
[ 2018-02-17T14:23:50+08:00 ] 127.0.0.1 127.0.0.1 GET /upload/20170219/datu.jpg
[ log ] www.tp5_baidunm.com:82/upload/20170219/datu.jpg [运行时间：0.058003s][吞吐率：17.24req/s] [内存消耗：1,250.42kb] [文件加载：36]
[ info ] [ LANG ] E:\PHP\wamp\www\tp5_baiduNM\thinkphp\lang\zh-cn.php
[ info ] [ ROUTE ] array (
  'type' => 'module',
  'module' => 
  array (
    0 => 'upload',
    1 => '20170219',
    2 => 'datu.jpg',
  ),
)
[ info ] [ HEADER ] array (
  'host' => 'www.tp5_baidunm.com:82',
  'user-agent' => 'Mozilla/5.0 (Windows NT 6.1; WOW64; rv:57.0) Gecko/20100101 Firefox/57.0',
  'accept' => '*/*',
  'accept-language' => 'zh-CN,zh;q=0.8,zh-TW;q=0.7,zh-HK;q=0.5,en-US;q=0.3,en;q=0.2',
  'accept-encoding' => 'gzip, deflate',
  'referer' => 'http://www.tp5_baidunm.com:82/',
  'cookie' => 'PHPSESSID=q0jfm0ollo3252pn4icsuvkit6; thinkphp_show_page_trace=0|0',
  'connection' => 'keep-alive',
  'cache-control' => 'max-age=0',
)
[ info ] [ PARAM ] array (
)
[ info ] [ LOG ] INIT File

---------------------------------------------------------------
[ 2018-02-17T14:23:56+08:00 ] 127.0.0.1 127.0.0.1 GET /upload/20170219/ads.jpg
[ log ] www.tp5_baidunm.com:82/upload/20170219/ads.jpg [运行时间：0.040002s][吞吐率：25.00req/s] [内存消耗：1,250.36kb] [文件加载：36]
[ info ] [ LANG ] E:\PHP\wamp\www\tp5_baiduNM\thinkphp\lang\zh-cn.php
[ info ] [ ROUTE ] array (
  'type' => 'module',
  'module' => 
  array (
    0 => 'upload',
    1 => '20170219',
    2 => 'ads.jpg',
  ),
)
[ info ] [ HEADER ] array (
  'host' => 'www.tp5_baidunm.com:82',
  'user-agent' => 'Mozilla/5.0 (Windows NT 6.1; WOW64; rv:57.0) Gecko/20100101 Firefox/57.0',
  'accept' => '*/*',
  'accept-language' => 'zh-CN,zh;q=0.8,zh-TW;q=0.7,zh-HK;q=0.5,en-US;q=0.3,en;q=0.2',
  'accept-encoding' => 'gzip, deflate',
  'referer' => 'http://www.tp5_baidunm.com:82/',
  'cookie' => 'PHPSESSID=q0jfm0ollo3252pn4icsuvkit6; thinkphp_show_page_trace=0|0',
  'connection' => 'keep-alive',
  'cache-control' => 'max-age=0',
)
[ info ] [ PARAM ] array (
)
[ info ] [ LOG ] INIT File

---------------------------------------------------------------
[ 2018-02-17T14:23:56+08:00 ] 127.0.0.1 127.0.0.1 GET /index/lists/index.html?id=3
[ log ] www.tp5_baidunm.com:82/index/lists/index.html?id=3 [运行时间：0.126007s][吞吐率：7.94req/s] [内存消耗：1,251.27kb] [文件加载：36]
[ info ] [ LANG ] E:\PHP\wamp\www\tp5_baiduNM\thinkphp\lang\zh-cn.php
[ info ] [ ROUTE ] array (
  'type' => 'module',
  'module' => 
  array (
    0 => 'index',
    1 => 'lists',
    2 => 'index',
  ),
)
[ info ] [ HEADER ] array (
  'host' => 'www.tp5_baidunm.com:82',
  'user-agent' => 'Mozilla/5.0 (Windows NT 6.1; WOW64; rv:57.0) Gecko/20100101 Firefox/57.0',
  'accept' => 'text/html,application/xhtml+xml,application/xml;q=0.9,*/*;q=0.8',
  'accept-language' => 'zh-CN,zh;q=0.8,zh-TW;q=0.7,zh-HK;q=0.5,en-US;q=0.3,en;q=0.2',
  'accept-encoding' => 'gzip, deflate',
  'referer' => 'http://www.tp5_baidunm.com:82/',
  'cookie' => 'PHPSESSID=q0jfm0ollo3252pn4icsuvkit6; thinkphp_show_page_trace=0|0',
  'connection' => 'keep-alive',
  'upgrade-insecure-requests' => '1',
)
[ info ] [ PARAM ] array (
  'id' => '3',
)
[ info ] [ LOG ] INIT File

---------------------------------------------------------------
[ 2018-02-17T14:24:07+08:00 ] 127.0.0.1 127.0.0.1 GET /index/lists/index.html?id=2
[ log ] www.tp5_baidunm.com:82/index/lists/index.html?id=2 [运行时间：0.043002s][吞吐率：23.25req/s] [内存消耗：1,251.33kb] [文件加载：36]
[ info ] [ LANG ] E:\PHP\wamp\www\tp5_baiduNM\thinkphp\lang\zh-cn.php
[ info ] [ ROUTE ] array (
  'type' => 'module',
  'module' => 
  array (
    0 => 'index',
    1 => 'lists',
    2 => 'index',
  ),
)
[ info ] [ HEADER ] array (
  'host' => 'www.tp5_baidunm.com:82',
  'user-agent' => 'Mozilla/5.0 (Windows NT 6.1; WOW64; rv:57.0) Gecko/20100101 Firefox/57.0',
  'accept' => 'text/html,application/xhtml+xml,application/xml;q=0.9,*/*;q=0.8',
  'accept-language' => 'zh-CN,zh;q=0.8,zh-TW;q=0.7,zh-HK;q=0.5,en-US;q=0.3,en;q=0.2',
  'accept-encoding' => 'gzip, deflate',
  'referer' => 'http://www.tp5_baidunm.com:82/',
  'cookie' => 'thinkphp_show_page_trace=0|0; PHPSESSID=q0jfm0ollo3252pn4icsuvkit6; thinkphp_show_page_trace=0|0',
  'connection' => 'keep-alive',
  'upgrade-insecure-requests' => '1',
)
[ info ] [ PARAM ] array (
  'id' => '2',
)
[ info ] [ LOG ] INIT File

---------------------------------------------------------------
[ 2018-02-17T14:24:23+08:00 ] 127.0.0.1 127.0.0.1 GET /index/detail
[ log ] www.tp5_baidunm.com:82/index/detail [运行时间：0.127008s][吞吐率：7.87req/s] [内存消耗：2,713.86kb] [文件加载：51]
[ info ] [ LANG ] E:\PHP\wamp\www\tp5_baiduNM\thinkphp\lang\zh-cn.php
[ info ] [ ROUTE ] array (
  'type' => 'module',
  'module' => 
  array (
    0 => 'index',
    1 => 'detail',
    2 => NULL,
  ),
)
[ info ] [ HEADER ] array (
  'host' => 'www.tp5_baidunm.com:82',
  'user-agent' => 'Mozilla/5.0 (Windows NT 6.1; WOW64; rv:57.0) Gecko/20100101 Firefox/57.0',
  'accept' => 'text/html,application/xhtml+xml,application/xml;q=0.9,*/*;q=0.8',
  'accept-language' => 'zh-CN,zh;q=0.8,zh-TW;q=0.7,zh-HK;q=0.5,en-US;q=0.3,en;q=0.2',
  'accept-encoding' => 'gzip, deflate',
  'cookie' => 'PHPSESSID=q0jfm0ollo3252pn4icsuvkit6; thinkphp_show_page_trace=0|0',
  'connection' => 'keep-alive',
  'upgrade-insecure-requests' => '1',
)
[ info ] [ PARAM ] array (
)
[ info ] [ DB ] INIT mysql
[ info ] [ SESSION ] INIT array (
  'id' => '',
  'var_session_id' => '',
  'prefix' => 'think',
  'type' => '',
  'auto_start' => true,
)
[ info ] [ LOG ] INIT File
[ sql ] [ DB ] CONNECT:[ UseTime:0.010000s ] mysql:dbname=imooc_o2o;host=127.0.0.1;charset=utf8
[ sql ] [ SQL ] SHOW COLUMNS FROM `o2o_city` [ RunTime:0.014001s ]
[ sql ] [ SQL ] SELECT * FROM `o2o_city` WHERE  `status` = 1  AND `parent_id` > 0 ORDER BY `id`  desc [ RunTime:0.001000s ]
[ sql ] [ SQL ] SHOW COLUMNS FROM `o2o_category` [ RunTime:0.014001s ]
[ sql ] [ SQL ] SELECT * FROM `o2o_category` WHERE  `parent_id` = 0  AND `status` = 1 ORDER BY `listorder`  desc,`id`  desc LIMIT 5 [ RunTime:0.001000s ]
[ sql ] [ SQL ] SELECT * FROM `o2o_category` WHERE  `parent_id` IN (5,2,1)  AND `status` = 1 ORDER BY `listorder`  desc,`id`  desc [ RunTime:0.000000s ]
[ sql ] [ SQL ] SELECT * FROM `o2o_city` WHERE  `uname` = 'nanchang' LIMIT 1 [ RunTime:0.000000s ]
[ error ] [0]方法参数错误:id[E:\PHP\wamp\www\tp5_baiduNM\thinkphp\library\think\App.php:294]

---------------------------------------------------------------
[ 2018-02-17T14:24:59+08:00 ] 127.0.0.1 127.0.0.1 GET /index/detail/index/id/1
[ log ] www.tp5_baidunm.com:82/index/detail/index/id/1 [运行时间：0.271015s][吞吐率：3.69req/s] [内存消耗：3,122.34kb] [文件加载：60]
[ info ] [ LANG ] E:\PHP\wamp\www\tp5_baiduNM\thinkphp\lang\zh-cn.php
[ info ] [ ROUTE ] array (
  'type' => 'module',
  'module' => 
  array (
    0 => 'index',
    1 => 'detail',
    2 => 'index',
  ),
)
[ info ] [ HEADER ] array (
  'host' => 'www.tp5_baidunm.com:82',
  'user-agent' => 'Mozilla/5.0 (Windows NT 6.1; WOW64; rv:57.0) Gecko/20100101 Firefox/57.0',
  'accept' => 'text/html,application/xhtml+xml,application/xml;q=0.9,*/*;q=0.8',
  'accept-language' => 'zh-CN,zh;q=0.8,zh-TW;q=0.7,zh-HK;q=0.5,en-US;q=0.3,en;q=0.2',
  'accept-encoding' => 'gzip, deflate',
  'cookie' => 'thinkphp_show_page_trace=0|0; PHPSESSID=q0jfm0ollo3252pn4icsuvkit6; thinkphp_show_page_trace=0|0',
  'connection' => 'keep-alive',
  'upgrade-insecure-requests' => '1',
)
[ info ] [ PARAM ] array (
  'id' => '1',
)
[ info ] [ DB ] INIT mysql
[ info ] [ SESSION ] INIT array (
  'id' => '',
  'var_session_id' => '',
  'prefix' => 'think',
  'type' => '',
  'auto_start' => true,
)
[ info ] [ RUN ] app\index\controller\Detail->index[ E:\PHP\wamp\www\tp5_baiduNM\application\index\controller\Detail.php ]
[ info ] [ VIEW ] E:\PHP\wamp\www\tp5_baiduNM\public/../application/index\view\detail\index.html [ array (
  0 => 'citys',
  1 => 'city',
  2 => 'cats',
  3 => 'user',
  4 => 'controller',
  5 => 'title',
  6 => 'categdory',
  7 => 'locations',
) ]
[ info ] [ LOG ] INIT File
[ sql ] [ DB ] CONNECT:[ UseTime:0.001000s ] mysql:dbname=imooc_o2o;host=127.0.0.1;charset=utf8
[ sql ] [ SQL ] SHOW COLUMNS FROM `o2o_city` [ RunTime:0.015001s ]
[ sql ] [ SQL ] SELECT * FROM `o2o_city` WHERE  `status` = 1  AND `parent_id` > 0 ORDER BY `id`  desc [ RunTime:0.001000s ]
[ sql ] [ SQL ] SHOW COLUMNS FROM `o2o_category` [ RunTime:0.015001s ]
[ sql ] [ SQL ] SELECT * FROM `o2o_category` WHERE  `parent_id` = 0  AND `status` = 1 ORDER BY `listorder`  desc,`id`  desc LIMIT 5 [ RunTime:0.002000s ]
[ sql ] [ SQL ] SELECT * FROM `o2o_category` WHERE  `parent_id` IN (5,2,1)  AND `status` = 1 ORDER BY `listorder`  desc,`id`  desc [ RunTime:0.000000s ]
[ sql ] [ SQL ] SELECT * FROM `o2o_city` WHERE  `uname` = 'nanchang' LIMIT 1 [ RunTime:0.000000s ]
[ sql ] [ SQL ] SHOW COLUMNS FROM `o2o_deal` [ RunTime:0.014001s ]
[ sql ] [ SQL ] SELECT * FROM `o2o_deal` WHERE  `id` = 1 LIMIT 1 [ RunTime:0.029002s ]
[ sql ] [ SQL ] SELECT * FROM `o2o_category` WHERE  `id` = 2 LIMIT 1 [ RunTime:0.001000s ]
[ sql ] [ SQL ] SHOW COLUMNS FROM `o2o_bis_location` [ RunTime:0.015001s ]
[ sql ] [ SQL ] SELECT * FROM `o2o_bis_location` WHERE  `id` IN (3,1)  AND `status` = 1 [ RunTime:0.000000s ]
[ error ] [8]未定义变量: category[E:\PHP\wamp\www\tp5_baiduNM\runtime\temp\5b1ac1b930a255bc11b2547e6e787682.php:100]

---------------------------------------------------------------
[ 2018-02-17T14:25:23+08:00 ] 127.0.0.1 127.0.0.1 GET /index/detail/index/id/1
[ log ] www.tp5_baidunm.com:82/index/detail/index/id/1 [运行时间：0.206012s][吞吐率：4.85req/s] [内存消耗：2,939.98kb] [文件加载：58]
[ info ] [ LANG ] E:\PHP\wamp\www\tp5_baiduNM\thinkphp\lang\zh-cn.php
[ info ] [ ROUTE ] array (
  'type' => 'module',
  'module' => 
  array (
    0 => 'index',
    1 => 'detail',
    2 => 'index',
  ),
)
[ info ] [ HEADER ] array (
  'host' => 'www.tp5_baidunm.com:82',
  'user-agent' => 'Mozilla/5.0 (Windows NT 6.1; WOW64; rv:57.0) Gecko/20100101 Firefox/57.0',
  'accept' => 'text/html,application/xhtml+xml,application/xml;q=0.9,*/*;q=0.8',
  'accept-language' => 'zh-CN,zh;q=0.8,zh-TW;q=0.7,zh-HK;q=0.5,en-US;q=0.3,en;q=0.2',
  'accept-encoding' => 'gzip, deflate',
  'cookie' => 'thinkphp_show_page_trace=0|0; thinkphp_show_page_trace=0|0; PHPSESSID=q0jfm0ollo3252pn4icsuvkit6; thinkphp_show_page_trace=0|0',
  'connection' => 'keep-alive',
  'upgrade-insecure-requests' => '1',
  'cache-control' => 'max-age=0',
)
[ info ] [ PARAM ] array (
  'id' => '1',
)
[ info ] [ DB ] INIT mysql
[ info ] [ SESSION ] INIT array (
  'id' => '',
  'var_session_id' => '',
  'prefix' => 'think',
  'type' => '',
  'auto_start' => true,
)
[ info ] [ RUN ] app\index\controller\Detail->index[ E:\PHP\wamp\www\tp5_baiduNM\application\index\controller\Detail.php ]
[ info ] [ VIEW ] E:\PHP\wamp\www\tp5_baiduNM\public/../application/index\view\detail\index.html [ array (
  0 => 'citys',
  1 => 'city',
  2 => 'cats',
  3 => 'user',
  4 => 'controller',
  5 => 'title',
  6 => 'category',
  7 => 'locations',
) ]
[ info ] [ LOG ] INIT File
[ sql ] [ DB ] CONNECT:[ UseTime:0.001000s ] mysql:dbname=imooc_o2o;host=127.0.0.1;charset=utf8
[ sql ] [ SQL ] SHOW COLUMNS FROM `o2o_city` [ RunTime:0.017001s ]
[ sql ] [ SQL ] SELECT * FROM `o2o_city` WHERE  `status` = 1  AND `parent_id` > 0 ORDER BY `id`  desc [ RunTime:0.001000s ]
[ sql ] [ SQL ] SHOW COLUMNS FROM `o2o_category` [ RunTime:0.017001s ]
[ sql ] [ SQL ] SELECT * FROM `o2o_category` WHERE  `parent_id` = 0  AND `status` = 1 ORDER BY `listorder`  desc,`id`  desc LIMIT 5 [ RunTime:0.000000s ]
[ sql ] [ SQL ] SELECT * FROM `o2o_category` WHERE  `parent_id` IN (5,2,1)  AND `status` = 1 ORDER BY `listorder`  desc,`id`  desc [ RunTime:0.001000s ]
[ sql ] [ SQL ] SELECT * FROM `o2o_city` WHERE  `uname` = 'nanchang' LIMIT 1 [ RunTime:0.000000s ]
[ sql ] [ SQL ] SHOW COLUMNS FROM `o2o_deal` [ RunTime:0.016001s ]
[ sql ] [ SQL ] SELECT * FROM `o2o_deal` WHERE  `id` = 1 LIMIT 1 [ RunTime:0.001000s ]
[ sql ] [ SQL ] SELECT * FROM `o2o_category` WHERE  `id` = 2 LIMIT 1 [ RunTime:0.001000s ]
[ sql ] [ SQL ] SHOW COLUMNS FROM `o2o_bis_location` [ RunTime:0.015001s ]
[ sql ] [ SQL ] SELECT * FROM `o2o_bis_location` WHERE  `id` IN (3,1)  AND `status` = 1 [ RunTime:0.000000s ]
[ error ] [8]未定义变量: deal[E:\PHP\wamp\www\tp5_baiduNM\runtime\temp\5b1ac1b930a255bc11b2547e6e787682.php:110]

---------------------------------------------------------------
[ 2018-02-17T14:25:25+08:00 ] 127.0.0.1 127.0.0.1 GET /index/detail/index/id/1
[ log ] www.tp5_baidunm.com:82/index/detail/index/id/1 [运行时间：0.187011s][吞吐率：5.35req/s] [内存消耗：2,939.98kb] [文件加载：58]
[ info ] [ LANG ] E:\PHP\wamp\www\tp5_baiduNM\thinkphp\lang\zh-cn.php
[ info ] [ ROUTE ] array (
  'type' => 'module',
  'module' => 
  array (
    0 => 'index',
    1 => 'detail',
    2 => 'index',
  ),
)
[ info ] [ HEADER ] array (
  'host' => 'www.tp5_baidunm.com:82',
  'user-agent' => 'Mozilla/5.0 (Windows NT 6.1; WOW64; rv:57.0) Gecko/20100101 Firefox/57.0',
  'accept' => 'text/html,application/xhtml+xml,application/xml;q=0.9,*/*;q=0.8',
  'accept-language' => 'zh-CN,zh;q=0.8,zh-TW;q=0.7,zh-HK;q=0.5,en-US;q=0.3,en;q=0.2',
  'accept-encoding' => 'gzip, deflate',
  'cookie' => 'thinkphp_show_page_trace=0|0; thinkphp_show_page_trace=0|0; PHPSESSID=q0jfm0ollo3252pn4icsuvkit6; thinkphp_show_page_trace=0|0',
  'connection' => 'keep-alive',
  'upgrade-insecure-requests' => '1',
  'cache-control' => 'max-age=0',
)
[ info ] [ PARAM ] array (
  'id' => '1',
)
[ info ] [ DB ] INIT mysql
[ info ] [ SESSION ] INIT array (
  'id' => '',
  'var_session_id' => '',
  'prefix' => 'think',
  'type' => '',
  'auto_start' => true,
)
[ info ] [ RUN ] app\index\controller\Detail->index[ E:\PHP\wamp\www\tp5_baiduNM\application\index\controller\Detail.php ]
[ info ] [ VIEW ] E:\PHP\wamp\www\tp5_baiduNM\public/../application/index\view\detail\index.html [ array (
  0 => 'citys',
  1 => 'city',
  2 => 'cats',
  3 => 'user',
  4 => 'controller',
  5 => 'title',
  6 => 'category',
  7 => 'locations',
) ]
[ info ] [ LOG ] INIT File
[ sql ] [ DB ] CONNECT:[ UseTime:0.000000s ] mysql:dbname=imooc_o2o;host=127.0.0.1;charset=utf8
[ sql ] [ SQL ] SHOW COLUMNS FROM `o2o_city` [ RunTime:0.017001s ]
[ sql ] [ SQL ] SELECT * FROM `o2o_city` WHERE  `status` = 1  AND `parent_id` > 0 ORDER BY `id`  desc [ RunTime:0.001000s ]
[ sql ] [ SQL ] SHOW COLUMNS FROM `o2o_category` [ RunTime:0.016001s ]
[ sql ] [ SQL ] SELECT * FROM `o2o_category` WHERE  `parent_id` = 0  AND `status` = 1 ORDER BY `listorder`  desc,`id`  desc LIMIT 5 [ RunTime:0.000000s ]
[ sql ] [ SQL ] SELECT * FROM `o2o_category` WHERE  `parent_id` IN (5,2,1)  AND `status` = 1 ORDER BY `listorder`  desc,`id`  desc [ RunTime:0.001000s ]
[ sql ] [ SQL ] SELECT * FROM `o2o_city` WHERE  `uname` = 'nanchang' LIMIT 1 [ RunTime:0.001000s ]
[ sql ] [ SQL ] SHOW COLUMNS FROM `o2o_deal` [ RunTime:0.016001s ]
[ sql ] [ SQL ] SELECT * FROM `o2o_deal` WHERE  `id` = 1 LIMIT 1 [ RunTime:0.000000s ]
[ sql ] [ SQL ] SELECT * FROM `o2o_category` WHERE  `id` = 2 LIMIT 1 [ RunTime:0.000000s ]
[ sql ] [ SQL ] SHOW COLUMNS FROM `o2o_bis_location` [ RunTime:0.016001s ]
[ sql ] [ SQL ] SELECT * FROM `o2o_bis_location` WHERE  `id` IN (3,1)  AND `status` = 1 [ RunTime:0.001000s ]
[ error ] [8]未定义变量: deal[E:\PHP\wamp\www\tp5_baiduNM\runtime\temp\5b1ac1b930a255bc11b2547e6e787682.php:110]

---------------------------------------------------------------
[ 2018-02-17T14:26:51+08:00 ] 127.0.0.1 127.0.0.1 GET /index/detail/index/id/1
[ log ] www.tp5_baidunm.com:82/index/detail/index/id/1 [运行时间：0.241013s][吞吐率：4.15req/s] [内存消耗：2,947.75kb] [文件加载：58]
[ info ] [ LANG ] E:\PHP\wamp\www\tp5_baiduNM\thinkphp\lang\zh-cn.php
[ info ] [ ROUTE ] array (
  'type' => 'module',
  'module' => 
  array (
    0 => 'index',
    1 => 'detail',
    2 => 'index',
  ),
)
[ info ] [ HEADER ] array (
  'host' => 'www.tp5_baidunm.com:82',
  'user-agent' => 'Mozilla/5.0 (Windows NT 6.1; WOW64; rv:57.0) Gecko/20100101 Firefox/57.0',
  'accept' => 'text/html,application/xhtml+xml,application/xml;q=0.9,*/*;q=0.8',
  'accept-language' => 'zh-CN,zh;q=0.8,zh-TW;q=0.7,zh-HK;q=0.5,en-US;q=0.3,en;q=0.2',
  'accept-encoding' => 'gzip, deflate',
  'cookie' => 'thinkphp_show_page_trace=0|0; thinkphp_show_page_trace=0|0; PHPSESSID=q0jfm0ollo3252pn4icsuvkit6; thinkphp_show_page_trace=0|0',
  'connection' => 'keep-alive',
  'upgrade-insecure-requests' => '1',
  'cache-control' => 'max-age=0',
)
[ info ] [ PARAM ] array (
  'id' => '1',
)
[ info ] [ DB ] INIT mysql
[ info ] [ SESSION ] INIT array (
  'id' => '',
  'var_session_id' => '',
  'prefix' => 'think',
  'type' => '',
  'auto_start' => true,
)
[ info ] [ RUN ] app\index\controller\Detail->index[ E:\PHP\wamp\www\tp5_baiduNM\application\index\controller\Detail.php ]
[ info ] [ VIEW ] E:\PHP\wamp\www\tp5_baiduNM\public/../application/index\view\detail\index.html [ array (
  0 => 'citys',
  1 => 'city',
  2 => 'cats',
  3 => 'user',
  4 => 'controller',
  5 => 'title',
  6 => 'deal',
  7 => 'category',
  8 => 'locations',
) ]
[ info ] [ LOG ] INIT File
[ sql ] [ DB ] CONNECT:[ UseTime:0.001000s ] mysql:dbname=imooc_o2o;host=127.0.0.1;charset=utf8
[ sql ] [ SQL ] SHOW COLUMNS FROM `o2o_city` [ RunTime:0.015001s ]
[ sql ] [ SQL ] SELECT * FROM `o2o_city` WHERE  `status` = 1  AND `parent_id` > 0 ORDER BY `id`  desc [ RunTime:0.001000s ]
[ sql ] [ SQL ] SHOW COLUMNS FROM `o2o_category` [ RunTime:0.016001s ]
[ sql ] [ SQL ] SELECT * FROM `o2o_category` WHERE  `parent_id` = 0  AND `status` = 1 ORDER BY `listorder`  desc,`id`  desc LIMIT 5 [ RunTime:0.000000s ]
[ sql ] [ SQL ] SELECT * FROM `o2o_category` WHERE  `parent_id` IN (5,2,1)  AND `status` = 1 ORDER BY `listorder`  desc,`id`  desc [ RunTime:0.001000s ]
[ sql ] [ SQL ] SELECT * FROM `o2o_city` WHERE  `uname` = 'nanchang' LIMIT 1 [ RunTime:0.001000s ]
[ sql ] [ SQL ] SHOW COLUMNS FROM `o2o_deal` [ RunTime:0.016001s ]
[ sql ] [ SQL ] SELECT * FROM `o2o_deal` WHERE  `id` = 1 LIMIT 1 [ RunTime:0.000000s ]
[ sql ] [ SQL ] SELECT * FROM `o2o_category` WHERE  `id` = 2 LIMIT 1 [ RunTime:0.001000s ]
[ sql ] [ SQL ] SHOW COLUMNS FROM `o2o_bis_location` [ RunTime:0.015001s ]
[ sql ] [ SQL ] SELECT * FROM `o2o_bis_location` WHERE  `id` IN (3,1)  AND `status` = 1 [ RunTime:0.001000s ]
[ error ] [8]未定义变量: flag[E:\PHP\wamp\www\tp5_baiduNM\runtime\temp\5b1ac1b930a255bc11b2547e6e787682.php:150]

---------------------------------------------------------------
[ 2018-02-17T21:57:58+08:00 ] 127.0.0.1 127.0.0.1 GET /index/detail/index/id/1
[ log ] www.tp5_baidunm.com:82/index/detail/index/id/1 [运行时间：0.206012s][吞吐率：4.85req/s] [内存消耗：2,872.18kb] [文件加载：56]
[ info ] [ LANG ] E:\PHP\wamp\www\tp5_baiduNM\thinkphp\lang\zh-cn.php
[ info ] [ ROUTE ] array (
  'type' => 'module',
  'module' => 
  array (
    0 => 'index',
    1 => 'detail',
    2 => 'index',
  ),
)
[ info ] [ HEADER ] array (
  'host' => 'www.tp5_baidunm.com:82',
  'user-agent' => 'Mozilla/5.0 (Windows NT 6.1; WOW64; rv:57.0) Gecko/20100101 Firefox/57.0',
  'accept' => 'text/html,application/xhtml+xml,application/xml;q=0.9,*/*;q=0.8',
  'accept-language' => 'zh-CN,zh;q=0.8,zh-TW;q=0.7,zh-HK;q=0.5,en-US;q=0.3,en;q=0.2',
  'accept-encoding' => 'gzip, deflate',
  'cookie' => 'thinkphp_show_page_trace=0|0; thinkphp_show_page_trace=0|0; PHPSESSID=q0jfm0ollo3252pn4icsuvkit6; thinkphp_show_page_trace=0|0',
  'connection' => 'keep-alive',
  'upgrade-insecure-requests' => '1',
  'cache-control' => 'max-age=0',
)
[ info ] [ PARAM ] array (
  'id' => '1',
)
[ info ] [ DB ] INIT mysql
[ info ] [ SESSION ] INIT array (
  'id' => '',
  'var_session_id' => '',
  'prefix' => 'think',
  'type' => '',
  'auto_start' => true,
)
[ info ] [ RUN ] app\index\controller\Detail->index[ E:\PHP\wamp\www\tp5_baiduNM\application\index\controller\Detail.php ]
[ info ] [ LOG ] INIT File
[ sql ] [ DB ] CONNECT:[ UseTime:0.001000s ] mysql:dbname=imooc_o2o;host=127.0.0.1;charset=utf8
[ sql ] [ SQL ] SHOW COLUMNS FROM `o2o_city` [ RunTime:0.018001s ]
[ sql ] [ SQL ] SELECT * FROM `o2o_city` WHERE  `status` = 1  AND `parent_id` > 0 ORDER BY `id`  desc [ RunTime:0.001000s ]
[ sql ] [ SQL ] SHOW COLUMNS FROM `o2o_category` [ RunTime:0.016001s ]
[ sql ] [ SQL ] SELECT * FROM `o2o_category` WHERE  `parent_id` = 0  AND `status` = 1 ORDER BY `listorder`  desc,`id`  desc LIMIT 5 [ RunTime:0.001000s ]
[ sql ] [ SQL ] SELECT * FROM `o2o_category` WHERE  `parent_id` IN (5,2,1)  AND `status` = 1 ORDER BY `listorder`  desc,`id`  desc [ RunTime:0.001000s ]
[ sql ] [ SQL ] SELECT * FROM `o2o_city` WHERE  `uname` = 'nanchang' LIMIT 1 [ RunTime:0.000000s ]
[ sql ] [ SQL ] SHOW COLUMNS FROM `o2o_deal` [ RunTime:0.017001s ]
[ sql ] [ SQL ] SELECT * FROM `o2o_deal` WHERE  `id` = 1 LIMIT 1 [ RunTime:0.001000s ]
[ sql ] [ SQL ] SELECT * FROM `o2o_category` WHERE  `id` = 2 LIMIT 1 [ RunTime:0.001000s ]
[ sql ] [ SQL ] SHOW COLUMNS FROM `o2o_bis_location` [ RunTime:0.015001s ]
[ sql ] [ SQL ] SELECT * FROM `o2o_bis_location` WHERE  `id` IN (3,1)  AND `status` = 1 [ RunTime:0.001000s ]
[ error ] [8]未定义变量: timedata[E:\PHP\wamp\www\tp5_baiduNM\application\index\controller\Detail.php:50]

---------------------------------------------------------------
[ 2018-02-17T21:57:59+08:00 ] 127.0.0.1 127.0.0.1 GET /index/detail/index/id/1
[ log ] www.tp5_baidunm.com:82/index/detail/index/id/1 [运行时间：0.173010s][吞吐率：5.78req/s] [内存消耗：2,872.18kb] [文件加载：56]
[ info ] [ LANG ] E:\PHP\wamp\www\tp5_baiduNM\thinkphp\lang\zh-cn.php
[ info ] [ ROUTE ] array (
  'type' => 'module',
  'module' => 
  array (
    0 => 'index',
    1 => 'detail',
    2 => 'index',
  ),
)
[ info ] [ HEADER ] array (
  'host' => 'www.tp5_baidunm.com:82',
  'user-agent' => 'Mozilla/5.0 (Windows NT 6.1; WOW64; rv:57.0) Gecko/20100101 Firefox/57.0',
  'accept' => 'text/html,application/xhtml+xml,application/xml;q=0.9,*/*;q=0.8',
  'accept-language' => 'zh-CN,zh;q=0.8,zh-TW;q=0.7,zh-HK;q=0.5,en-US;q=0.3,en;q=0.2',
  'accept-encoding' => 'gzip, deflate',
  'cookie' => 'thinkphp_show_page_trace=0|0; thinkphp_show_page_trace=0|0; PHPSESSID=q0jfm0ollo3252pn4icsuvkit6; thinkphp_show_page_trace=0|0',
  'connection' => 'keep-alive',
  'upgrade-insecure-requests' => '1',
  'cache-control' => 'max-age=0',
)
[ info ] [ PARAM ] array (
  'id' => '1',
)
[ info ] [ DB ] INIT mysql
[ info ] [ SESSION ] INIT array (
  'id' => '',
  'var_session_id' => '',
  'prefix' => 'think',
  'type' => '',
  'auto_start' => true,
)
[ info ] [ RUN ] app\index\controller\Detail->index[ E:\PHP\wamp\www\tp5_baiduNM\application\index\controller\Detail.php ]
[ info ] [ LOG ] INIT File
[ sql ] [ DB ] CONNECT:[ UseTime:0.001000s ] mysql:dbname=imooc_o2o;host=127.0.0.1;charset=utf8
[ sql ] [ SQL ] SHOW COLUMNS FROM `o2o_city` [ RunTime:0.016001s ]
[ sql ] [ SQL ] SELECT * FROM `o2o_city` WHERE  `status` = 1  AND `parent_id` > 0 ORDER BY `id`  desc [ RunTime:0.001000s ]
[ sql ] [ SQL ] SHOW COLUMNS FROM `o2o_category` [ RunTime:0.015001s ]
[ sql ] [ SQL ] SELECT * FROM `o2o_category` WHERE  `parent_id` = 0  AND `status` = 1 ORDER BY `listorder`  desc,`id`  desc LIMIT 5 [ RunTime:0.002000s ]
[ sql ] [ SQL ] SELECT * FROM `o2o_category` WHERE  `parent_id` IN (5,2,1)  AND `status` = 1 ORDER BY `listorder`  desc,`id`  desc [ RunTime:0.000000s ]
[ sql ] [ SQL ] SELECT * FROM `o2o_city` WHERE  `uname` = 'nanchang' LIMIT 1 [ RunTime:0.000000s ]
[ sql ] [ SQL ] SHOW COLUMNS FROM `o2o_deal` [ RunTime:0.017001s ]
[ sql ] [ SQL ] SELECT * FROM `o2o_deal` WHERE  `id` = 1 LIMIT 1 [ RunTime:0.001000s ]
[ sql ] [ SQL ] SELECT * FROM `o2o_category` WHERE  `id` = 2 LIMIT 1 [ RunTime:0.000000s ]
[ sql ] [ SQL ] SHOW COLUMNS FROM `o2o_bis_location` [ RunTime:0.017001s ]
[ sql ] [ SQL ] SELECT * FROM `o2o_bis_location` WHERE  `id` IN (3,1)  AND `status` = 1 [ RunTime:0.000000s ]
[ error ] [8]未定义变量: timedata[E:\PHP\wamp\www\tp5_baiduNM\application\index\controller\Detail.php:50]

---------------------------------------------------------------
[ 2018-02-17T21:58:31+08:00 ] 127.0.0.1 127.0.0.1 GET /index/detail/index/id/1
[ log ] www.tp5_baidunm.com:82/index/detail/index/id/1 [运行时间：0.176010s][吞吐率：5.68req/s] [内存消耗：2,872.22kb] [文件加载：56]
[ info ] [ LANG ] E:\PHP\wamp\www\tp5_baiduNM\thinkphp\lang\zh-cn.php
[ info ] [ ROUTE ] array (
  'type' => 'module',
  'module' => 
  array (
    0 => 'index',
    1 => 'detail',
    2 => 'index',
  ),
)
[ info ] [ HEADER ] array (
  'host' => 'www.tp5_baidunm.com:82',
  'user-agent' => 'Mozilla/5.0 (Windows NT 6.1; WOW64; rv:57.0) Gecko/20100101 Firefox/57.0',
  'accept' => 'text/html,application/xhtml+xml,application/xml;q=0.9,*/*;q=0.8',
  'accept-language' => 'zh-CN,zh;q=0.8,zh-TW;q=0.7,zh-HK;q=0.5,en-US;q=0.3,en;q=0.2',
  'accept-encoding' => 'gzip, deflate',
  'cookie' => 'thinkphp_show_page_trace=0|0; thinkphp_show_page_trace=0|0; PHPSESSID=q0jfm0ollo3252pn4icsuvkit6; thinkphp_show_page_trace=0|0',
  'connection' => 'keep-alive',
  'upgrade-insecure-requests' => '1',
  'pragma' => 'no-cache',
  'cache-control' => 'no-cache',
)
[ info ] [ PARAM ] array (
  'id' => '1',
)
[ info ] [ DB ] INIT mysql
[ info ] [ SESSION ] INIT array (
  'id' => '',
  'var_session_id' => '',
  'prefix' => 'think',
  'type' => '',
  'auto_start' => true,
)
[ info ] [ RUN ] app\index\controller\Detail->index[ E:\PHP\wamp\www\tp5_baiduNM\application\index\controller\Detail.php ]
[ info ] [ LOG ] INIT File
[ sql ] [ DB ] CONNECT:[ UseTime:0.010000s ] mysql:dbname=imooc_o2o;host=127.0.0.1;charset=utf8
[ sql ] [ SQL ] SHOW COLUMNS FROM `o2o_city` [ RunTime:0.016001s ]
[ sql ] [ SQL ] SELECT * FROM `o2o_city` WHERE  `status` = 1  AND `parent_id` > 0 ORDER BY `id`  desc [ RunTime:0.001000s ]
[ sql ] [ SQL ] SHOW COLUMNS FROM `o2o_category` [ RunTime:0.014000s ]
[ sql ] [ SQL ] SELECT * FROM `o2o_category` WHERE  `parent_id` = 0  AND `status` = 1 ORDER BY `listorder`  desc,`id`  desc LIMIT 5 [ RunTime:0.001000s ]
[ sql ] [ SQL ] SELECT * FROM `o2o_category` WHERE  `parent_id` IN (5,2,1)  AND `status` = 1 ORDER BY `listorder`  desc,`id`  desc [ RunTime:0.001000s ]
[ sql ] [ SQL ] SELECT * FROM `o2o_city` WHERE  `uname` = 'nanchang' LIMIT 1 [ RunTime:0.000000s ]
[ sql ] [ SQL ] SHOW COLUMNS FROM `o2o_deal` [ RunTime:0.016001s ]
[ sql ] [ SQL ] SELECT * FROM `o2o_deal` WHERE  `id` = 1 LIMIT 1 [ RunTime:0.001000s ]
[ sql ] [ SQL ] SELECT * FROM `o2o_category` WHERE  `id` = 2 LIMIT 1 [ RunTime:0.001000s ]
[ sql ] [ SQL ] SHOW COLUMNS FROM `o2o_bis_location` [ RunTime:0.015001s ]
[ sql ] [ SQL ] SELECT * FROM `o2o_bis_location` WHERE  `id` IN (3,1)  AND `status` = 1 [ RunTime:0.001001s ]
[ error ] [8]未定义变量: timedata[E:\PHP\wamp\www\tp5_baiduNM\application\index\controller\Detail.php:50]

---------------------------------------------------------------
[ 2018-02-17T21:58:51+08:00 ] 127.0.0.1 127.0.0.1 GET /index/detail/index/id/1
[ log ] www.tp5_baidunm.com:82/index/detail/index/id/1 [运行时间：0.197012s][吞吐率：5.08req/s] [内存消耗：2,952.48kb] [文件加载：58]
[ info ] [ LANG ] E:\PHP\wamp\www\tp5_baiduNM\thinkphp\lang\zh-cn.php
[ info ] [ ROUTE ] array (
  'type' => 'module',
  'module' => 
  array (
    0 => 'index',
    1 => 'detail',
    2 => 'index',
  ),
)
[ info ] [ HEADER ] array (
  'host' => 'www.tp5_baidunm.com:82',
  'user-agent' => 'Mozilla/5.0 (Windows NT 6.1; WOW64; rv:57.0) Gecko/20100101 Firefox/57.0',
  'accept' => 'text/html,application/xhtml+xml,application/xml;q=0.9,*/*;q=0.8',
  'accept-language' => 'zh-CN,zh;q=0.8,zh-TW;q=0.7,zh-HK;q=0.5,en-US;q=0.3,en;q=0.2',
  'accept-encoding' => 'gzip, deflate',
  'cookie' => 'thinkphp_show_page_trace=0|0; thinkphp_show_page_trace=0|0; PHPSESSID=q0jfm0ollo3252pn4icsuvkit6; thinkphp_show_page_trace=0|0',
  'connection' => 'keep-alive',
  'upgrade-insecure-requests' => '1',
  'cache-control' => 'max-age=0',
)
[ info ] [ PARAM ] array (
  'id' => '1',
)
[ info ] [ DB ] INIT mysql
[ info ] [ SESSION ] INIT array (
  'id' => '',
  'var_session_id' => '',
  'prefix' => 'think',
  'type' => '',
  'auto_start' => true,
)
[ info ] [ RUN ] app\index\controller\Detail->index[ E:\PHP\wamp\www\tp5_baiduNM\application\index\controller\Detail.php ]
[ info ] [ VIEW ] E:\PHP\wamp\www\tp5_baiduNM\public/../application/index\view\detail\index.html [ array (
  0 => 'citys',
  1 => 'city',
  2 => 'cats',
  3 => 'user',
  4 => 'controller',
  5 => 'title',
  6 => 'deal',
  7 => 'category',
  8 => 'locations',
  9 => 'overplus',
  10 => 'flag',
  11 => 'timedata',
) ]
[ info ] [ LOG ] INIT File
[ sql ] [ DB ] CONNECT:[ UseTime:0.000000s ] mysql:dbname=imooc_o2o;host=127.0.0.1;charset=utf8
[ sql ] [ SQL ] SHOW COLUMNS FROM `o2o_city` [ RunTime:0.015001s ]
[ sql ] [ SQL ] SELECT * FROM `o2o_city` WHERE  `status` = 1  AND `parent_id` > 0 ORDER BY `id`  desc [ RunTime:0.002000s ]
[ sql ] [ SQL ] SHOW COLUMNS FROM `o2o_category` [ RunTime:0.016001s ]
[ sql ] [ SQL ] SELECT * FROM `o2o_category` WHERE  `parent_id` = 0  AND `status` = 1 ORDER BY `listorder`  desc,`id`  desc LIMIT 5 [ RunTime:0.001000s ]
[ sql ] [ SQL ] SELECT * FROM `o2o_category` WHERE  `parent_id` IN (5,2,1)  AND `status` = 1 ORDER BY `listorder`  desc,`id`  desc [ RunTime:0.001000s ]
[ sql ] [ SQL ] SELECT * FROM `o2o_city` WHERE  `uname` = 'nanchang' LIMIT 1 [ RunTime:0.000000s ]
[ sql ] [ SQL ] SHOW COLUMNS FROM `o2o_deal` [ RunTime:0.016000s ]
[ sql ] [ SQL ] SELECT * FROM `o2o_deal` WHERE  `id` = 1 LIMIT 1 [ RunTime:0.001000s ]
[ sql ] [ SQL ] SELECT * FROM `o2o_category` WHERE  `id` = 2 LIMIT 1 [ RunTime:0.000000s ]
[ sql ] [ SQL ] SHOW COLUMNS FROM `o2o_bis_location` [ RunTime:0.016001s ]
[ sql ] [ SQL ] SELECT * FROM `o2o_bis_location` WHERE  `id` IN (3,1)  AND `status` = 1 [ RunTime:0.000000s ]
[ error ] [8]未定义变量: mapstr[E:\PHP\wamp\www\tp5_baiduNM\runtime\temp\5b1ac1b930a255bc11b2547e6e787682.php:235]

---------------------------------------------------------------
[ 2018-02-17T21:58:52+08:00 ] 127.0.0.1 127.0.0.1 GET /index/detail/index/id/1
[ log ] www.tp5_baidunm.com:82/index/detail/index/id/1 [运行时间：0.206012s][吞吐率：4.85req/s] [内存消耗：2,952.48kb] [文件加载：58]
[ info ] [ LANG ] E:\PHP\wamp\www\tp5_baiduNM\thinkphp\lang\zh-cn.php
[ info ] [ ROUTE ] array (
  'type' => 'module',
  'module' => 
  array (
    0 => 'index',
    1 => 'detail',
    2 => 'index',
  ),
)
[ info ] [ HEADER ] array (
  'host' => 'www.tp5_baidunm.com:82',
  'user-agent' => 'Mozilla/5.0 (Windows NT 6.1; WOW64; rv:57.0) Gecko/20100101 Firefox/57.0',
  'accept' => 'text/html,application/xhtml+xml,application/xml;q=0.9,*/*;q=0.8',
  'accept-language' => 'zh-CN,zh;q=0.8,zh-TW;q=0.7,zh-HK;q=0.5,en-US;q=0.3,en;q=0.2',
  'accept-encoding' => 'gzip, deflate',
  'cookie' => 'thinkphp_show_page_trace=0|0; thinkphp_show_page_trace=0|0; PHPSESSID=q0jfm0ollo3252pn4icsuvkit6; thinkphp_show_page_trace=0|0',
  'connection' => 'keep-alive',
  'upgrade-insecure-requests' => '1',
  'cache-control' => 'max-age=0',
)
[ info ] [ PARAM ] array (
  'id' => '1',
)
[ info ] [ DB ] INIT mysql
[ info ] [ SESSION ] INIT array (
  'id' => '',
  'var_session_id' => '',
  'prefix' => 'think',
  'type' => '',
  'auto_start' => true,
)
[ info ] [ RUN ] app\index\controller\Detail->index[ E:\PHP\wamp\www\tp5_baiduNM\application\index\controller\Detail.php ]
[ info ] [ VIEW ] E:\PHP\wamp\www\tp5_baiduNM\public/../application/index\view\detail\index.html [ array (
  0 => 'citys',
  1 => 'city',
  2 => 'cats',
  3 => 'user',
  4 => 'controller',
  5 => 'title',
  6 => 'deal',
  7 => 'category',
  8 => 'locations',
  9 => 'overplus',
  10 => 'flag',
  11 => 'timedata',
) ]
[ info ] [ LOG ] INIT File
[ sql ] [ DB ] CONNECT:[ UseTime:0.001000s ] mysql:dbname=imooc_o2o;host=127.0.0.1;charset=utf8
[ sql ] [ SQL ] SHOW COLUMNS FROM `o2o_city` [ RunTime:0.015000s ]
[ sql ] [ SQL ] SELECT * FROM `o2o_city` WHERE  `status` = 1  AND `parent_id` > 0 ORDER BY `id`  desc [ RunTime:0.001000s ]
[ sql ] [ SQL ] SHOW COLUMNS FROM `o2o_category` [ RunTime:0.014001s ]
[ sql ] [ SQL ] SELECT * FROM `o2o_category` WHERE  `parent_id` = 0  AND `status` = 1 ORDER BY `listorder`  desc,`id`  desc LIMIT 5 [ RunTime:0.001000s ]
[ sql ] [ SQL ] SELECT * FROM `o2o_category` WHERE  `parent_id` IN (5,2,1)  AND `status` = 1 ORDER BY `listorder`  desc,`id`  desc [ RunTime:0.001000s ]
[ sql ] [ SQL ] SELECT * FROM `o2o_city` WHERE  `uname` = 'nanchang' LIMIT 1 [ RunTime:0.001000s ]
[ sql ] [ SQL ] SHOW COLUMNS FROM `o2o_deal` [ RunTime:0.017001s ]
[ sql ] [ SQL ] SELECT * FROM `o2o_deal` WHERE  `id` = 1 LIMIT 1 [ RunTime:0.001000s ]
[ sql ] [ SQL ] SELECT * FROM `o2o_category` WHERE  `id` = 2 LIMIT 1 [ RunTime:0.001000s ]
[ sql ] [ SQL ] SHOW COLUMNS FROM `o2o_bis_location` [ RunTime:0.017001s ]
[ sql ] [ SQL ] SELECT * FROM `o2o_bis_location` WHERE  `id` IN (3,1)  AND `status` = 1 [ RunTime:0.001000s ]
[ error ] [8]未定义变量: mapstr[E:\PHP\wamp\www\tp5_baiduNM\runtime\temp\5b1ac1b930a255bc11b2547e6e787682.php:235]

---------------------------------------------------------------
[ 2018-02-17T22:10:16+08:00 ] 127.0.0.1 127.0.0.1 GET /index/detail/index/id/1
[ log ] www.tp5_baidunm.com:82/index/detail/index/id/1 [运行时间：0.187010s][吞吐率：5.35req/s] [内存消耗：2,901.38kb] [文件加载：54]
[ info ] [ LANG ] E:\PHP\wamp\www\tp5_baiduNM\thinkphp\lang\zh-cn.php
[ info ] [ ROUTE ] array (
  'type' => 'module',
  'module' => 
  array (
    0 => 'index',
    1 => 'detail',
    2 => 'index',
  ),
)
[ info ] [ HEADER ] array (
  'host' => 'www.tp5_baidunm.com:82',
  'user-agent' => 'Mozilla/5.0 (Windows NT 6.1; WOW64; rv:57.0) Gecko/20100101 Firefox/57.0',
  'accept' => 'text/html,application/xhtml+xml,application/xml;q=0.9,*/*;q=0.8',
  'accept-language' => 'zh-CN,zh;q=0.8,zh-TW;q=0.7,zh-HK;q=0.5,en-US;q=0.3,en;q=0.2',
  'accept-encoding' => 'gzip, deflate',
  'cookie' => 'thinkphp_show_page_trace=0|0; thinkphp_show_page_trace=0|0; PHPSESSID=q0jfm0ollo3252pn4icsuvkit6; thinkphp_show_page_trace=0|0',
  'connection' => 'keep-alive',
  'upgrade-insecure-requests' => '1',
  'cache-control' => 'max-age=0',
)
[ info ] [ PARAM ] array (
  'id' => '1',
)
[ info ] [ DB ] INIT mysql
[ info ] [ SESSION ] INIT array (
  'id' => '',
  'var_session_id' => '',
  'prefix' => 'think',
  'type' => '',
  'auto_start' => true,
)
[ info ] [ RUN ] app\index\controller\Detail->index[ E:\PHP\wamp\www\tp5_baiduNM\application\index\controller\Detail.php ]
[ info ] [ VIEW ] E:\PHP\wamp\www\tp5_baiduNM\public/../application/index\view\detail\index.html [ array (
  0 => 'citys',
  1 => 'city',
  2 => 'cats',
  3 => 'user',
  4 => 'controller',
  5 => 'title',
  6 => 'deal',
  7 => 'category',
  8 => 'locations',
  9 => 'overplus',
  10 => 'flag',
  11 => 'timedata',
  12 => 'mapstr',
) ]
[ info ] [ LOG ] INIT File
[ sql ] [ DB ] CONNECT:[ UseTime:0.001000s ] mysql:dbname=imooc_o2o;host=127.0.0.1;charset=utf8
[ sql ] [ SQL ] SHOW COLUMNS FROM `o2o_city` [ RunTime:0.015001s ]
[ sql ] [ SQL ] SELECT * FROM `o2o_city` WHERE  `status` = 1  AND `parent_id` > 0 ORDER BY `id`  desc [ RunTime:0.001000s ]
[ sql ] [ SQL ] SHOW COLUMNS FROM `o2o_category` [ RunTime:0.014001s ]
[ sql ] [ SQL ] SELECT * FROM `o2o_category` WHERE  `parent_id` = 0  AND `status` = 1 ORDER BY `listorder`  desc,`id`  desc LIMIT 5 [ RunTime:0.001000s ]
[ sql ] [ SQL ] SELECT * FROM `o2o_category` WHERE  `parent_id` IN (5,2,1)  AND `status` = 1 ORDER BY `listorder`  desc,`id`  desc [ RunTime:0.000000s ]
[ sql ] [ SQL ] SELECT * FROM `o2o_city` WHERE  `uname` = 'nanchang' LIMIT 1 [ RunTime:0.001000s ]
[ sql ] [ SQL ] SHOW COLUMNS FROM `o2o_deal` [ RunTime:0.015001s ]
[ sql ] [ SQL ] SELECT * FROM `o2o_deal` WHERE  `id` = 1 LIMIT 1 [ RunTime:0.001000s ]
[ sql ] [ SQL ] SELECT * FROM `o2o_category` WHERE  `id` = 2 LIMIT 1 [ RunTime:0.001000s ]
[ sql ] [ SQL ] SHOW COLUMNS FROM `o2o_bis_location` [ RunTime:0.016001s ]
[ sql ] [ SQL ] SELECT * FROM `o2o_bis_location` WHERE  `id` IN (3,1)  AND `status` = 1 [ RunTime:0.000000s ]

---------------------------------------------------------------
[ 2018-02-17T22:10:17+08:00 ] 127.0.0.1 127.0.0.1 GET /index/map/getmapimage.html?data=116.2942679634,40.149072698898
[ log ] www.tp5_baidunm.com:82/index/map/getmapimage.html?data=116.2942679634,40.149072698898 [运行时间：0.224013s][吞吐率：4.46req/s] [内存消耗：1,549.32kb] [文件加载：41]
[ info ] [ LANG ] E:\PHP\wamp\www\tp5_baiduNM\thinkphp\lang\zh-cn.php
[ info ] [ ROUTE ] array (
  'type' => 'module',
  'module' => 
  array (
    0 => 'index',
    1 => 'map',
    2 => 'getmapimage',
  ),
)
[ info ] [ HEADER ] array (
  'host' => 'www.tp5_baidunm.com:82',
  'user-agent' => 'Mozilla/5.0 (Windows NT 6.1; WOW64; rv:57.0) Gecko/20100101 Firefox/57.0',
  'accept' => '*/*',
  'accept-language' => 'zh-CN,zh;q=0.8,zh-TW;q=0.7,zh-HK;q=0.5,en-US;q=0.3,en;q=0.2',
  'accept-encoding' => 'gzip, deflate',
  'referer' => 'http://www.tp5_baidunm.com:82/index/detail/index/id/1',
  'cookie' => 'thinkphp_show_page_trace=0|0; PHPSESSID=q0jfm0ollo3252pn4icsuvkit6; thinkphp_show_page_trace=0|0',
  'connection' => 'keep-alive',
)
[ info ] [ PARAM ] array (
  'data' => '116.2942679634,40.149072698898',
)
[ info ] [ RUN ] app\index\controller\Map->getMapImage[ E:\PHP\wamp\www\tp5_baiduNM\application\index\controller\Map.php ]
[ info ] [ LOG ] INIT File

---------------------------------------------------------------
[ 2018-02-17T22:13:59+08:00 ] 127.0.0.1 127.0.0.1 GET /
[ log ] www.tp5_baidunm.com:82/ [运行时间：0.131008s][吞吐率：7.63req/s] [内存消耗：2,822.13kb] [文件加载：53]
[ info ] [ LANG ] E:\PHP\wamp\www\tp5_baiduNM\thinkphp\lang\zh-cn.php
[ info ] [ ROUTE ] array (
  'type' => 'module',
  'module' => 
  array (
    0 => '',
    1 => NULL,
    2 => NULL,
  ),
)
[ info ] [ HEADER ] array (
  'host' => 'www.tp5_baidunm.com:82',
  'user-agent' => 'Mozilla/5.0 (Windows NT 6.1; WOW64; rv:57.0) Gecko/20100101 Firefox/57.0',
  'accept' => 'text/html,application/xhtml+xml,application/xml;q=0.9,*/*;q=0.8',
  'accept-language' => 'zh-CN,zh;q=0.8,zh-TW;q=0.7,zh-HK;q=0.5,en-US;q=0.3,en;q=0.2',
  'accept-encoding' => 'gzip, deflate',
  'referer' => 'http://www.tp5_baidunm.com:82/index/detail/index/id/1',
  'cookie' => 'PHPSESSID=q0jfm0ollo3252pn4icsuvkit6; thinkphp_show_page_trace=0|0',
  'connection' => 'keep-alive',
  'upgrade-insecure-requests' => '1',
)
[ info ] [ PARAM ] array (
)
[ info ] [ DB ] INIT mysql
[ info ] [ SESSION ] INIT array (
  'id' => '',
  'var_session_id' => '',
  'prefix' => 'think',
  'type' => '',
  'auto_start' => true,
)
[ info ] [ RUN ] app\index\controller\Index->index[ E:\PHP\wamp\www\tp5_baiduNM\application\index\controller\Index.php ]
[ info ] [ VIEW ] E:\PHP\wamp\www\tp5_baiduNM\public/../application/index\view\index\index.html [ array (
  0 => 'citys',
  1 => 'city',
  2 => 'cats',
  3 => 'user',
  4 => 'controller',
  5 => 'title',
  6 => 'datas',
  7 => 'meishicates',
) ]
[ info ] [ LOG ] INIT File
[ sql ] [ DB ] CONNECT:[ UseTime:0.002000s ] mysql:dbname=imooc_o2o;host=127.0.0.1;charset=utf8
[ sql ] [ SQL ] SHOW COLUMNS FROM `o2o_city` [ RunTime:0.013001s ]
[ sql ] [ SQL ] SELECT * FROM `o2o_city` WHERE  `status` = 1  AND `parent_id` > 0 ORDER BY `id`  desc [ RunTime:0.001000s ]
[ sql ] [ SQL ] SHOW COLUMNS FROM `o2o_category` [ RunTime:0.013001s ]
[ sql ] [ SQL ] SELECT * FROM `o2o_category` WHERE  `parent_id` = 0  AND `status` = 1 ORDER BY `listorder`  desc,`id`  desc LIMIT 5 [ RunTime:0.000000s ]
[ sql ] [ SQL ] SELECT * FROM `o2o_category` WHERE  `parent_id` IN (5,2,1)  AND `status` = 1 ORDER BY `listorder`  desc,`id`  desc [ RunTime:0.001000s ]
[ sql ] [ SQL ] SELECT * FROM `o2o_city` WHERE  `uname` = 'nanchang' LIMIT 1 [ RunTime:0.001000s ]
[ sql ] [ SQL ] SHOW COLUMNS FROM `o2o_deal` [ RunTime:0.016001s ]
[ sql ] [ SQL ] SELECT * FROM `o2o_deal` WHERE  `end_time` > 1518876839  AND `category_id` = 1  AND `city_id` = 4  AND `status` = 1 ORDER BY `listorder`  desc,`id`  desc LIMIT 10 [ RunTime:0.001000s ]
[ sql ] [ SQL ] SELECT * FROM `o2o_category` WHERE  `parent_id` = 1  AND `status` = 1 ORDER BY `listorder`  desc,`id`  desc LIMIT 4 [ RunTime:0.001000s ]

---------------------------------------------------------------
[ 2018-02-17T22:14:00+08:00 ] 127.0.0.1 127.0.0.1 GET /upload/20170219/datu.jpg
[ log ] www.tp5_baidunm.com:82/upload/20170219/datu.jpg [运行时间：0.052003s][吞吐率：19.23req/s] [内存消耗：1,250.22kb] [文件加载：36]
[ info ] [ LANG ] E:\PHP\wamp\www\tp5_baiduNM\thinkphp\lang\zh-cn.php
[ info ] [ ROUTE ] array (
  'type' => 'module',
  'module' => 
  array (
    0 => 'upload',
    1 => '20170219',
    2 => 'datu.jpg',
  ),
)
[ info ] [ HEADER ] array (
  'host' => 'www.tp5_baidunm.com:82',
  'user-agent' => 'Mozilla/5.0 (Windows NT 6.1; WOW64; rv:57.0) Gecko/20100101 Firefox/57.0',
  'accept' => '*/*',
  'accept-language' => 'zh-CN,zh;q=0.8,zh-TW;q=0.7,zh-HK;q=0.5,en-US;q=0.3,en;q=0.2',
  'accept-encoding' => 'gzip, deflate',
  'referer' => 'http://www.tp5_baidunm.com:82/',
  'cookie' => 'PHPSESSID=q0jfm0ollo3252pn4icsuvkit6; thinkphp_show_page_trace=0|0',
  'connection' => 'keep-alive',
)
[ info ] [ PARAM ] array (
)
[ info ] [ LOG ] INIT File

---------------------------------------------------------------
[ 2018-02-17T22:14:00+08:00 ] 127.0.0.1 127.0.0.1 GET /upload/20170219/ads.jpg
[ log ] www.tp5_baidunm.com:82/upload/20170219/ads.jpg [运行时间：0.058003s][吞吐率：17.24req/s] [内存消耗：1,250.21kb] [文件加载：36]
[ info ] [ LANG ] E:\PHP\wamp\www\tp5_baiduNM\thinkphp\lang\zh-cn.php
[ info ] [ ROUTE ] array (
  'type' => 'module',
  'module' => 
  array (
    0 => 'upload',
    1 => '20170219',
    2 => 'ads.jpg',
  ),
)
[ info ] [ HEADER ] array (
  'host' => 'www.tp5_baidunm.com:82',
  'user-agent' => 'Mozilla/5.0 (Windows NT 6.1; WOW64; rv:57.0) Gecko/20100101 Firefox/57.0',
  'accept' => '*/*',
  'accept-language' => 'zh-CN,zh;q=0.8,zh-TW;q=0.7,zh-HK;q=0.5,en-US;q=0.3,en;q=0.2',
  'accept-encoding' => 'gzip, deflate',
  'referer' => 'http://www.tp5_baidunm.com:82/',
  'cookie' => 'PHPSESSID=q0jfm0ollo3252pn4icsuvkit6; thinkphp_show_page_trace=0|0',
  'connection' => 'keep-alive',
)
[ info ] [ PARAM ] array (
)
[ info ] [ LOG ] INIT File

---------------------------------------------------------------
[ 2018-02-17T22:14:03+08:00 ] 127.0.0.1 127.0.0.1 GET /index/lists/index.html?id=3
[ log ] www.tp5_baidunm.com:82/index/lists/index.html?id=3 [运行时间：0.193011s][吞吐率：5.18req/s] [内存消耗：2,976.56kb] [文件加载：57]
[ info ] [ LANG ] E:\PHP\wamp\www\tp5_baiduNM\thinkphp\lang\zh-cn.php
[ info ] [ ROUTE ] array (
  'type' => 'module',
  'module' => 
  array (
    0 => 'index',
    1 => 'lists',
    2 => 'index',
  ),
)
[ info ] [ HEADER ] array (
  'host' => 'www.tp5_baidunm.com:82',
  'user-agent' => 'Mozilla/5.0 (Windows NT 6.1; WOW64; rv:57.0) Gecko/20100101 Firefox/57.0',
  'accept' => 'text/html,application/xhtml+xml,application/xml;q=0.9,*/*;q=0.8',
  'accept-language' => 'zh-CN,zh;q=0.8,zh-TW;q=0.7,zh-HK;q=0.5,en-US;q=0.3,en;q=0.2',
  'accept-encoding' => 'gzip, deflate',
  'referer' => 'http://www.tp5_baidunm.com:82/',
  'cookie' => 'thinkphp_show_page_trace=0|0; thinkphp_show_page_trace=0|0; PHPSESSID=q0jfm0ollo3252pn4icsuvkit6; thinkphp_show_page_trace=0|0',
  'connection' => 'keep-alive',
  'upgrade-insecure-requests' => '1',
)
[ info ] [ PARAM ] array (
  'id' => '3',
)
[ info ] [ DB ] INIT mysql
[ info ] [ SESSION ] INIT array (
  'id' => '',
  'var_session_id' => '',
  'prefix' => 'think',
  'type' => '',
  'auto_start' => true,
)
[ info ] [ RUN ] app\index\controller\Lists->index[ E:\PHP\wamp\www\tp5_baiduNM\application\index\controller\Lists.php ]
[ info ] [ VIEW ] E:\PHP\wamp\www\tp5_baiduNM\public/../application/index\view\lists\index.html [ array (
  0 => 'citys',
  1 => 'city',
  2 => 'cats',
  3 => 'user',
  4 => 'controller',
  5 => 'title',
) ]
[ info ] [ LOG ] INIT File
[ sql ] [ DB ] CONNECT:[ UseTime:0.001000s ] mysql:dbname=imooc_o2o;host=127.0.0.1;charset=utf8
[ sql ] [ SQL ] SHOW COLUMNS FROM `o2o_city` [ RunTime:0.016001s ]
[ sql ] [ SQL ] SELECT * FROM `o2o_city` WHERE  `status` = 1  AND `parent_id` > 0 ORDER BY `id`  desc [ RunTime:0.001000s ]
[ sql ] [ SQL ] SHOW COLUMNS FROM `o2o_category` [ RunTime:0.017001s ]
[ sql ] [ SQL ] SELECT * FROM `o2o_category` WHERE  `parent_id` = 0  AND `status` = 1 ORDER BY `listorder`  desc,`id`  desc LIMIT 5 [ RunTime:0.001000s ]
[ sql ] [ SQL ] SELECT * FROM `o2o_category` WHERE  `parent_id` IN (5,2,1)  AND `status` = 1 ORDER BY `listorder`  desc,`id`  desc [ RunTime:0.002000s ]
[ sql ] [ SQL ] SELECT * FROM `o2o_city` WHERE  `uname` = 'nanchang' LIMIT 1 [ RunTime:0.000000s ]
[ error ] [8]未定义变量: id[E:\PHP\wamp\www\tp5_baiduNM\runtime\temp\9555fd160907891653542eff496ae2dc.php:109]

---------------------------------------------------------------
[ 2018-02-17T22:14:09+08:00 ] 127.0.0.1 127.0.0.1 GET /
[ log ] www.tp5_baidunm.com:82/ [运行时间：0.139008s][吞吐率：7.19req/s] [内存消耗：2,822.04kb] [文件加载：53]
[ info ] [ LANG ] E:\PHP\wamp\www\tp5_baiduNM\thinkphp\lang\zh-cn.php
[ info ] [ ROUTE ] array (
  'type' => 'module',
  'module' => 
  array (
    0 => '',
    1 => NULL,
    2 => NULL,
  ),
)
[ info ] [ HEADER ] array (
  'host' => 'www.tp5_baidunm.com:82',
  'user-agent' => 'Mozilla/5.0 (Windows NT 6.1; WOW64; rv:57.0) Gecko/20100101 Firefox/57.0',
  'accept' => 'text/html,application/xhtml+xml,application/xml;q=0.9,*/*;q=0.8',
  'accept-language' => 'zh-CN,zh;q=0.8,zh-TW;q=0.7,zh-HK;q=0.5,en-US;q=0.3,en;q=0.2',
  'accept-encoding' => 'gzip, deflate',
  'referer' => 'http://www.tp5_baidunm.com:82/',
  'cookie' => 'PHPSESSID=q0jfm0ollo3252pn4icsuvkit6; thinkphp_show_page_trace=0|0',
  'connection' => 'keep-alive',
  'upgrade-insecure-requests' => '1',
)
[ info ] [ PARAM ] array (
)
[ info ] [ DB ] INIT mysql
[ info ] [ SESSION ] INIT array (
  'id' => '',
  'var_session_id' => '',
  'prefix' => 'think',
  'type' => '',
  'auto_start' => true,
)
[ info ] [ RUN ] app\index\controller\Index->index[ E:\PHP\wamp\www\tp5_baiduNM\application\index\controller\Index.php ]
[ info ] [ VIEW ] E:\PHP\wamp\www\tp5_baiduNM\public/../application/index\view\index\index.html [ array (
  0 => 'citys',
  1 => 'city',
  2 => 'cats',
  3 => 'user',
  4 => 'controller',
  5 => 'title',
  6 => 'datas',
  7 => 'meishicates',
) ]
[ info ] [ LOG ] INIT File
[ sql ] [ DB ] CONNECT:[ UseTime:0.001001s ] mysql:dbname=imooc_o2o;host=127.0.0.1;charset=utf8
[ sql ] [ SQL ] SHOW COLUMNS FROM `o2o_city` [ RunTime:0.013000s ]
[ sql ] [ SQL ] SELECT * FROM `o2o_city` WHERE  `status` = 1  AND `parent_id` > 0 ORDER BY `id`  desc [ RunTime:0.001000s ]
[ sql ] [ SQL ] SHOW COLUMNS FROM `o2o_category` [ RunTime:0.013000s ]
[ sql ] [ SQL ] SELECT * FROM `o2o_category` WHERE  `parent_id` = 0  AND `status` = 1 ORDER BY `listorder`  desc,`id`  desc LIMIT 5 [ RunTime:0.001000s ]
[ sql ] [ SQL ] SELECT * FROM `o2o_category` WHERE  `parent_id` IN (5,2,1)  AND `status` = 1 ORDER BY `listorder`  desc,`id`  desc [ RunTime:0.000000s ]
[ sql ] [ SQL ] SELECT * FROM `o2o_city` WHERE  `uname` = 'nanchang' LIMIT 1 [ RunTime:0.001000s ]
[ sql ] [ SQL ] SHOW COLUMNS FROM `o2o_deal` [ RunTime:0.014001s ]
[ sql ] [ SQL ] SELECT * FROM `o2o_deal` WHERE  `end_time` > 1518876849  AND `category_id` = 1  AND `city_id` = 4  AND `status` = 1 ORDER BY `listorder`  desc,`id`  desc LIMIT 10 [ RunTime:0.001000s ]
[ sql ] [ SQL ] SELECT * FROM `o2o_category` WHERE  `parent_id` = 1  AND `status` = 1 ORDER BY `listorder`  desc,`id`  desc LIMIT 4 [ RunTime:0.001000s ]

---------------------------------------------------------------
[ 2018-02-17T22:14:09+08:00 ] 127.0.0.1 127.0.0.1 GET /upload/20170219/datu.jpg
[ log ] www.tp5_baidunm.com:82/upload/20170219/datu.jpg [运行时间：0.048003s][吞吐率：20.83req/s] [内存消耗：1,250.22kb] [文件加载：36]
[ info ] [ LANG ] E:\PHP\wamp\www\tp5_baiduNM\thinkphp\lang\zh-cn.php
[ info ] [ ROUTE ] array (
  'type' => 'module',
  'module' => 
  array (
    0 => 'upload',
    1 => '20170219',
    2 => 'datu.jpg',
  ),
)
[ info ] [ HEADER ] array (
  'host' => 'www.tp5_baidunm.com:82',
  'user-agent' => 'Mozilla/5.0 (Windows NT 6.1; WOW64; rv:57.0) Gecko/20100101 Firefox/57.0',
  'accept' => '*/*',
  'accept-language' => 'zh-CN,zh;q=0.8,zh-TW;q=0.7,zh-HK;q=0.5,en-US;q=0.3,en;q=0.2',
  'accept-encoding' => 'gzip, deflate',
  'referer' => 'http://www.tp5_baidunm.com:82/',
  'cookie' => 'PHPSESSID=q0jfm0ollo3252pn4icsuvkit6; thinkphp_show_page_trace=0|0',
  'connection' => 'keep-alive',
)
[ info ] [ PARAM ] array (
)
[ info ] [ LOG ] INIT File

---------------------------------------------------------------
[ 2018-02-17T22:14:09+08:00 ] 127.0.0.1 127.0.0.1 GET /upload/20170219/ads.jpg
[ log ] www.tp5_baidunm.com:82/upload/20170219/ads.jpg [运行时间：0.082005s][吞吐率：12.19req/s] [内存消耗：1,250.21kb] [文件加载：36]
[ info ] [ LANG ] E:\PHP\wamp\www\tp5_baiduNM\thinkphp\lang\zh-cn.php
[ info ] [ ROUTE ] array (
  'type' => 'module',
  'module' => 
  array (
    0 => 'upload',
    1 => '20170219',
    2 => 'ads.jpg',
  ),
)
[ info ] [ HEADER ] array (
  'host' => 'www.tp5_baidunm.com:82',
  'user-agent' => 'Mozilla/5.0 (Windows NT 6.1; WOW64; rv:57.0) Gecko/20100101 Firefox/57.0',
  'accept' => '*/*',
  'accept-language' => 'zh-CN,zh;q=0.8,zh-TW;q=0.7,zh-HK;q=0.5,en-US;q=0.3,en;q=0.2',
  'accept-encoding' => 'gzip, deflate',
  'referer' => 'http://www.tp5_baidunm.com:82/',
  'cookie' => 'PHPSESSID=q0jfm0ollo3252pn4icsuvkit6; thinkphp_show_page_trace=0|0',
  'connection' => 'keep-alive',
)
[ info ] [ PARAM ] array (
)
[ info ] [ LOG ] INIT File

---------------------------------------------------------------
[ 2018-02-17T23:44:44+08:00 ] 127.0.0.1 127.0.0.1 GET /index/index/index.html?city=shangrao
[ log ] www.tp5_baidunm.com:82/index/index/index.html?city=shangrao [运行时间：0.196011s][吞吐率：5.10req/s] [内存消耗：2,822.55kb] [文件加载：53]
[ info ] [ LANG ] E:\PHP\wamp\www\tp5_baiduNM\thinkphp\lang\zh-cn.php
[ info ] [ ROUTE ] array (
  'type' => 'module',
  'module' => 
  array (
    0 => 'index',
    1 => 'index',
    2 => 'index',
  ),
)
[ info ] [ HEADER ] array (
  'host' => 'www.tp5_baidunm.com:82',
  'user-agent' => 'Mozilla/5.0 (Windows NT 6.1; WOW64; rv:57.0) Gecko/20100101 Firefox/57.0',
  'accept' => 'text/html,application/xhtml+xml,application/xml;q=0.9,*/*;q=0.8',
  'accept-language' => 'zh-CN,zh;q=0.8,zh-TW;q=0.7,zh-HK;q=0.5,en-US;q=0.3,en;q=0.2',
  'accept-encoding' => 'gzip, deflate',
  'referer' => 'http://www.tp5_baidunm.com:82/',
  'cookie' => 'thinkphp_show_page_trace=0|0; PHPSESSID=q0jfm0ollo3252pn4icsuvkit6; thinkphp_show_page_trace=0|0',
  'connection' => 'keep-alive',
  'upgrade-insecure-requests' => '1',
)
[ info ] [ PARAM ] array (
  'city' => 'shangrao',
)
[ info ] [ DB ] INIT mysql
[ info ] [ SESSION ] INIT array (
  'id' => '',
  'var_session_id' => '',
  'prefix' => 'think',
  'type' => '',
  'auto_start' => true,
)
[ info ] [ RUN ] app\index\controller\Index->index[ E:\PHP\wamp\www\tp5_baiduNM\application\index\controller\Index.php ]
[ info ] [ VIEW ] E:\PHP\wamp\www\tp5_baiduNM\public/../application/index\view\index\index.html [ array (
  0 => 'citys',
  1 => 'city',
  2 => 'cats',
  3 => 'user',
  4 => 'controller',
  5 => 'title',
  6 => 'datas',
  7 => 'meishicates',
) ]
[ info ] [ LOG ] INIT File
[ sql ] [ DB ] CONNECT:[ UseTime:0.002000s ] mysql:dbname=imooc_o2o;host=127.0.0.1;charset=utf8
[ sql ] [ SQL ] SHOW COLUMNS FROM `o2o_city` [ RunTime:0.016000s ]
[ sql ] [ SQL ] SELECT * FROM `o2o_city` WHERE  `status` = 1  AND `parent_id` > 0 ORDER BY `id`  desc [ RunTime:0.003000s ]
[ sql ] [ SQL ] SHOW COLUMNS FROM `o2o_category` [ RunTime:0.016001s ]
[ sql ] [ SQL ] SELECT * FROM `o2o_category` WHERE  `parent_id` = 0  AND `status` = 1 ORDER BY `listorder`  desc,`id`  desc LIMIT 5 [ RunTime:0.002000s ]
[ sql ] [ SQL ] SELECT * FROM `o2o_category` WHERE  `parent_id` IN (5,2,1)  AND `status` = 1 ORDER BY `listorder`  desc,`id`  desc [ RunTime:0.001000s ]
[ sql ] [ SQL ] SELECT * FROM `o2o_city` WHERE  `uname` = 'shangrao' LIMIT 1 [ RunTime:0.001000s ]
[ sql ] [ SQL ] SHOW COLUMNS FROM `o2o_deal` [ RunTime:0.017001s ]
[ sql ] [ SQL ] SELECT * FROM `o2o_deal` WHERE  `end_time` > 1518882283  AND `category_id` = 1  AND `city_id` = 5  AND `status` = 1 ORDER BY `listorder`  desc,`id`  desc LIMIT 10 [ RunTime:0.001000s ]
[ sql ] [ SQL ] SELECT * FROM `o2o_category` WHERE  `parent_id` = 1  AND `status` = 1 ORDER BY `listorder`  desc,`id`  desc LIMIT 4 [ RunTime:0.001001s ]

---------------------------------------------------------------
[ 2018-02-17T23:44:44+08:00 ] 127.0.0.1 127.0.0.1 GET /index/index/index.html?city=tiananmen
[ log ] www.tp5_baidunm.com:82/index/index/index.html?city=tiananmen [运行时间：0.246014s][吞吐率：4.06req/s] [内存消耗：2,822.50kb] [文件加载：53]
[ info ] [ LANG ] E:\PHP\wamp\www\tp5_baiduNM\thinkphp\lang\zh-cn.php
[ info ] [ ROUTE ] array (
  'type' => 'module',
  'module' => 
  array (
    0 => 'index',
    1 => 'index',
    2 => 'index',
  ),
)
[ info ] [ HEADER ] array (
  'host' => 'www.tp5_baidunm.com:82',
  'user-agent' => 'Mozilla/5.0 (Windows NT 6.1; WOW64; rv:57.0) Gecko/20100101 Firefox/57.0',
  'accept' => 'text/html,application/xhtml+xml,application/xml;q=0.9,*/*;q=0.8',
  'accept-language' => 'zh-CN,zh;q=0.8,zh-TW;q=0.7,zh-HK;q=0.5,en-US;q=0.3,en;q=0.2',
  'accept-encoding' => 'gzip, deflate',
  'referer' => 'http://www.tp5_baidunm.com:82/',
  'cookie' => 'thinkphp_show_page_trace=0|0; PHPSESSID=q0jfm0ollo3252pn4icsuvkit6; thinkphp_show_page_trace=0|0',
  'connection' => 'keep-alive',
  'upgrade-insecure-requests' => '1',
)
[ info ] [ PARAM ] array (
  'city' => 'tiananmen',
)
[ info ] [ DB ] INIT mysql
[ info ] [ SESSION ] INIT array (
  'id' => '',
  'var_session_id' => '',
  'prefix' => 'think',
  'type' => '',
  'auto_start' => true,
)
[ info ] [ RUN ] app\index\controller\Index->index[ E:\PHP\wamp\www\tp5_baiduNM\application\index\controller\Index.php ]
[ info ] [ VIEW ] E:\PHP\wamp\www\tp5_baiduNM\public/../application/index\view\index\index.html [ array (
  0 => 'citys',
  1 => 'city',
  2 => 'cats',
  3 => 'user',
  4 => 'controller',
  5 => 'title',
  6 => 'datas',
  7 => 'meishicates',
) ]
[ info ] [ LOG ] INIT File
[ sql ] [ DB ] CONNECT:[ UseTime:0.001000s ] mysql:dbname=imooc_o2o;host=127.0.0.1;charset=utf8
[ sql ] [ SQL ] SHOW COLUMNS FROM `o2o_city` [ RunTime:0.017001s ]
[ sql ] [ SQL ] SELECT * FROM `o2o_city` WHERE  `status` = 1  AND `parent_id` > 0 ORDER BY `id`  desc [ RunTime:0.001000s ]
[ sql ] [ SQL ] SHOW COLUMNS FROM `o2o_category` [ RunTime:0.019001s ]
[ sql ] [ SQL ] SELECT * FROM `o2o_category` WHERE  `parent_id` = 0  AND `status` = 1 ORDER BY `listorder`  desc,`id`  desc LIMIT 5 [ RunTime:0.003000s ]
[ sql ] [ SQL ] SELECT * FROM `o2o_category` WHERE  `parent_id` IN (5,2,1)  AND `status` = 1 ORDER BY `listorder`  desc,`id`  desc [ RunTime:0.001000s ]
[ sql ] [ SQL ] SELECT * FROM `o2o_city` WHERE  `uname` = 'tiananmen' LIMIT 1 [ RunTime:0.001000s ]
[ sql ] [ SQL ] SHOW COLUMNS FROM `o2o_deal` [ RunTime:0.020002s ]
[ sql ] [ SQL ] SELECT * FROM `o2o_deal` WHERE  `end_time` > 1518882284  AND `category_id` = 1  AND `city_id` = 2  AND `status` = 1 ORDER BY `listorder`  desc,`id`  desc LIMIT 10 [ RunTime:0.001000s ]
[ sql ] [ SQL ] SELECT * FROM `o2o_category` WHERE  `parent_id` = 1  AND `status` = 1 ORDER BY `listorder`  desc,`id`  desc LIMIT 4 [ RunTime:0.001000s ]

---------------------------------------------------------------
[ 2018-02-17T23:44:44+08:00 ] 127.0.0.1 127.0.0.1 GET /index/index/index.html?city=tiananmen
[ log ] www.tp5_baidunm.com:82/index/index/index.html?city=tiananmen [运行时间：0.302017s][吞吐率：3.31req/s] [内存消耗：2,822.50kb] [文件加载：53]
[ info ] [ LANG ] E:\PHP\wamp\www\tp5_baiduNM\thinkphp\lang\zh-cn.php
[ info ] [ ROUTE ] array (
  'type' => 'module',
  'module' => 
  array (
    0 => 'index',
    1 => 'index',
    2 => 'index',
  ),
)
[ info ] [ HEADER ] array (
  'host' => 'www.tp5_baidunm.com:82',
  'user-agent' => 'Mozilla/5.0 (Windows NT 6.1; WOW64; rv:57.0) Gecko/20100101 Firefox/57.0',
  'accept' => 'text/html,application/xhtml+xml,application/xml;q=0.9,*/*;q=0.8',
  'accept-language' => 'zh-CN,zh;q=0.8,zh-TW;q=0.7,zh-HK;q=0.5,en-US;q=0.3,en;q=0.2',
  'accept-encoding' => 'gzip, deflate',
  'referer' => 'http://www.tp5_baidunm.com:82/',
  'cookie' => 'thinkphp_show_page_trace=0|0; PHPSESSID=q0jfm0ollo3252pn4icsuvkit6; thinkphp_show_page_trace=0|0',
  'connection' => 'keep-alive',
  'upgrade-insecure-requests' => '1',
)
[ info ] [ PARAM ] array (
  'city' => 'tiananmen',
)
[ info ] [ DB ] INIT mysql
[ info ] [ SESSION ] INIT array (
  'id' => '',
  'var_session_id' => '',
  'prefix' => 'think',
  'type' => '',
  'auto_start' => true,
)
[ info ] [ RUN ] app\index\controller\Index->index[ E:\PHP\wamp\www\tp5_baiduNM\application\index\controller\Index.php ]
[ info ] [ VIEW ] E:\PHP\wamp\www\tp5_baiduNM\public/../application/index\view\index\index.html [ array (
  0 => 'citys',
  1 => 'city',
  2 => 'cats',
  3 => 'user',
  4 => 'controller',
  5 => 'title',
  6 => 'datas',
  7 => 'meishicates',
) ]
[ info ] [ LOG ] INIT File
[ sql ] [ DB ] CONNECT:[ UseTime:0.011000s ] mysql:dbname=imooc_o2o;host=127.0.0.1;charset=utf8
[ sql ] [ SQL ] SHOW COLUMNS FROM `o2o_city` [ RunTime:0.017001s ]
[ sql ] [ SQL ] SELECT * FROM `o2o_city` WHERE  `status` = 1  AND `parent_id` > 0 ORDER BY `id`  desc [ RunTime:0.000000s ]
[ sql ] [ SQL ] SHOW COLUMNS FROM `o2o_category` [ RunTime:0.024001s ]
[ sql ] [ SQL ] SELECT * FROM `o2o_category` WHERE  `parent_id` = 0  AND `status` = 1 ORDER BY `listorder`  desc,`id`  desc LIMIT 5 [ RunTime:0.000000s ]
[ sql ] [ SQL ] SELECT * FROM `o2o_category` WHERE  `parent_id` IN (5,2,1)  AND `status` = 1 ORDER BY `listorder`  desc,`id`  desc [ RunTime:0.001000s ]
[ sql ] [ SQL ] SELECT * FROM `o2o_city` WHERE  `uname` = 'tiananmen' LIMIT 1 [ RunTime:0.001000s ]
[ sql ] [ SQL ] SHOW COLUMNS FROM `o2o_deal` [ RunTime:0.016001s ]
[ sql ] [ SQL ] SELECT * FROM `o2o_deal` WHERE  `end_time` > 1518882284  AND `category_id` = 1  AND `city_id` = 2  AND `status` = 1 ORDER BY `listorder`  desc,`id`  desc LIMIT 10 [ RunTime:0.001000s ]
[ sql ] [ SQL ] SELECT * FROM `o2o_category` WHERE  `parent_id` = 1  AND `status` = 1 ORDER BY `listorder`  desc,`id`  desc LIMIT 4 [ RunTime:0.001000s ]

---------------------------------------------------------------
[ 2018-02-17T23:44:44+08:00 ] 127.0.0.1 127.0.0.1 GET /upload/20170219/datu.jpg
[ log ] www.tp5_baidunm.com:82/upload/20170219/datu.jpg [运行时间：0.059003s][吞吐率：16.95req/s] [内存消耗：1,250.29kb] [文件加载：36]
[ info ] [ LANG ] E:\PHP\wamp\www\tp5_baiduNM\thinkphp\lang\zh-cn.php
[ info ] [ ROUTE ] array (
  'type' => 'module',
  'module' => 
  array (
    0 => 'upload',
    1 => '20170219',
    2 => 'datu.jpg',
  ),
)
[ info ] [ HEADER ] array (
  'host' => 'www.tp5_baidunm.com:82',
  'user-agent' => 'Mozilla/5.0 (Windows NT 6.1; WOW64; rv:57.0) Gecko/20100101 Firefox/57.0',
  'accept' => '*/*',
  'accept-language' => 'zh-CN,zh;q=0.8,zh-TW;q=0.7,zh-HK;q=0.5,en-US;q=0.3,en;q=0.2',
  'accept-encoding' => 'gzip, deflate',
  'referer' => 'http://www.tp5_baidunm.com:82/index/index/index.html?city=tiananmen',
  'cookie' => 'PHPSESSID=q0jfm0ollo3252pn4icsuvkit6; thinkphp_show_page_trace=0|0',
  'connection' => 'keep-alive',
)
[ info ] [ PARAM ] array (
)
[ info ] [ LOG ] INIT File

---------------------------------------------------------------
[ 2018-02-17T23:44:44+08:00 ] 127.0.0.1 127.0.0.1 GET /upload/20170219/ads.jpg
[ log ] www.tp5_baidunm.com:82/upload/20170219/ads.jpg [运行时间：0.084004s][吞吐率：11.90req/s] [内存消耗：1,250.20kb] [文件加载：36]
[ info ] [ LANG ] E:\PHP\wamp\www\tp5_baiduNM\thinkphp\lang\zh-cn.php
[ info ] [ ROUTE ] array (
  'type' => 'module',
  'module' => 
  array (
    0 => 'upload',
    1 => '20170219',
    2 => 'ads.jpg',
  ),
)
[ info ] [ HEADER ] array (
  'host' => 'www.tp5_baidunm.com:82',
  'user-agent' => 'Mozilla/5.0 (Windows NT 6.1; WOW64; rv:57.0) Gecko/20100101 Firefox/57.0',
  'accept' => '*/*',
  'accept-language' => 'zh-CN,zh;q=0.8,zh-TW;q=0.7,zh-HK;q=0.5,en-US;q=0.3,en;q=0.2',
  'accept-encoding' => 'gzip, deflate',
  'referer' => 'http://www.tp5_baidunm.com:82/index/index/index.html?city=tiananmen',
  'cookie' => 'PHPSESSID=q0jfm0ollo3252pn4icsuvkit6; thinkphp_show_page_trace=0|0',
  'connection' => 'keep-alive',
)
[ info ] [ PARAM ] array (
)
[ info ] [ LOG ] INIT File

---------------------------------------------------------------
